The system is: Linux - 5.10.16.3-microsoft-standard-WSL2 - x86_64
Compiling the C compiler identification source file "CMakeCCompilerId.c" succeeded.
Compiler: /home/cmo/miniconda3/envs/trident/bin/x86_64-conda-linux-gnu-cc 
Build flags: -march=nocona;-mtune=haswell;-ftree-vectorize;-fPIC;-fstack-protector-strong;-fno-plt;-O2;-ffunction-sections;-pipe;-isystem;/home/cmo/miniconda3/envs/trident/include
Id flags:  

The output was:
0


Compilation of the C compiler identification source "CMakeCCompilerId.c" produced "a.out"

The C compiler identification is GNU, found in "/home/cmo/jb_dataspell/g4basic/B1/build_withseed/CMakeFiles/3.21.3/CompilerIdC/a.out"

Compiling the CXX compiler identification source file "CMakeCXXCompilerId.cpp" succeeded.
Compiler: /home/cmo/miniconda3/envs/trident/bin/x86_64-conda-linux-gnu-c++ 
Build flags: -fvisibility-inlines-hidden;-std=c++17;-fmessage-length=0;-march=nocona;-mtune=haswell;-ftree-vectorize;-fPIC;-fstack-protector-strong;-fno-plt;-O2;-ffunction-sections;-pipe;-isystem;/home/cmo/miniconda3/envs/trident/include
Id flags:  

The output was:
0


Compilation of the CXX compiler identification source "CMakeCXXCompilerId.cpp" produced "a.out"

The CXX compiler identification is GNU, found in "/home/cmo/jb_dataspell/g4basic/B1/build_withseed/CMakeFiles/3.21.3/CompilerIdCXX/a.out"

Detecting C compiler ABI info compiled with the following output:
Change Dir: /home/cmo/jb_dataspell/g4basic/B1/build_withseed/CMakeFiles/CMakeTmp

Run Build Command(s):/usr/bin/gmake -f Makefile cmTC_18d05/fast && /usr/bin/gmake  -f CMakeFiles/cmTC_18d05.dir/build.make CMakeFiles/cmTC_18d05.dir/build
gmake[1]: Entering directory '/home/cmo/jb_dataspell/g4basic/B1/build_withseed/CMakeFiles/CMakeTmp'
Building C object CMakeFiles/cmTC_18d05.dir/CMakeCCompilerABI.c.o
/home/cmo/miniconda3/envs/trident/bin/x86_64-conda-linux-gnu-cc   -march=nocona -mtune=haswell -ftree-vectorize -fPIC -fstack-protector-strong -fno-plt -O2 -ffunction-sections -pipe -isystem /home/cmo/miniconda3/envs/trident/include    -v -o CMakeFiles/cmTC_18d05.dir/CMakeCCompilerABI.c.o -c /home/cmo/miniconda3/envs/trident/share/cmake-3.21/Modules/CMakeCCompilerABI.c
Reading specs from /home/cmo/miniconda3/envs/trident/bin/../lib/gcc/x86_64-conda-linux-gnu/9.4.0/specs
COLLECT_GCC=/home/cmo/miniconda3/envs/trident/bin/x86_64-conda-linux-gnu-cc
Target: x86_64-conda-linux-gnu
Configured with: ../configure --prefix=/home/conda/feedstock_root/build_artifacts/gcc_compilers_1634095554843/_h_env_placehold_placehold_placehold_placehold_placehold_placehold_placehold_placehold_placehold_placehold_placehold_placehold_placehold_placehold_placehold_placehold_placehold_placeho --with-slibdir=/home/conda/feedstock_root/build_artifacts/gcc_compilers_1634095554843/_h_env_placehold_placehold_placehold_placehold_placehold_placehold_placehold_placehold_placehold_placehold_placehold_placehold_placehold_placehold_placehold_placehold_placehold_placeho/lib --libdir=/home/conda/feedstock_root/build_artifacts/gcc_compilers_1634095554843/_h_env_placehold_placehold_placehold_placehold_placehold_placehold_placehold_placehold_placehold_placehold_placehold_placehold_placehold_placehold_placehold_placehold_placehold_placeho/lib --build=x86_64-conda-linux-gnu --host=x86_64-conda-linux-gnu --target=x86_64-conda-linux-gnu --enable-default-pie --enable-languages=c,c++,fortran,objc,obj-c++ --enable-__cxa_atexit --disable-libmudflap --enable-libgomp --disable-libssp --enable-libquadmath --enable-libquadmath-support --enable-libsanitizer --enable-lto --enable-threads=posix --enable-target-optspace --enable-plugin --enable-gold --disable-nls --disable-bootstrap --disable-multilib --enable-long-long --enable-default-pie --with-sysroot=/home/conda/feedstock_root/build_artifacts/gcc_compilers_1634095554843/_h_env_placehold_placehold_placehold_placehold_placehold_placehold_placehold_placehold_placehold_placehold_placehold_placehold_placehold_placehold_placehold_placehold_placehold_placeho/x86_64-conda-linux-gnu/sysroot --with-build-sysroot=/home/conda/feedstock_root/build_artifacts/gcc_compilers_1634095554843/_build_env/x86_64-conda-linux-gnu/sysroot --with-gxx-include-dir=/home/conda/feedstock_root/build_artifacts/gcc_compilers_1634095554843/_h_env_placehold_placehold_placehold_placehold_placehold_placehold_placehold_placehold_placehold_placehold_placehold_placehold_placehold_placehold_placehold_placehold_placehold_placeho/x86_64-conda-linux-gnu/include/c++/9.4.0
Thread model: posix
gcc version 9.4.0 (GCC) 
COLLECT_GCC_OPTIONS='-march=nocona' '-mtune=haswell' '-ftree-vectorize' '-fPIC' '-fstack-protector-strong' '-fno-plt' '-O2' '-ffunction-sections' '-pipe' '-isystem' '/home/cmo/miniconda3/envs/trident/include' '-v' '-o' 'CMakeFiles/cmTC_18d05.dir/CMakeCCompilerABI.c.o' '-c'
 /home/cmo/miniconda3/envs/trident/bin/../libexec/gcc/x86_64-conda-linux-gnu/9.4.0/cc1 -quiet -v -iprefix /home/cmo/miniconda3/envs/trident/bin/../lib/gcc/x86_64-conda-linux-gnu/9.4.0/ -isysroot /home/cmo/miniconda3/envs/trident/bin/../x86_64-conda-linux-gnu/sysroot -isystem /home/cmo/miniconda3/envs/trident/include /home/cmo/miniconda3/envs/trident/share/cmake-3.21/Modules/CMakeCCompilerABI.c -quiet -dumpbase CMakeCCompilerABI.c -march=nocona -mtune=haswell -auxbase-strip CMakeFiles/cmTC_18d05.dir/CMakeCCompilerABI.c.o -O2 -version -ftree-vectorize -fPIC -fstack-protector-strong -fno-plt -ffunction-sections -o - |
 /home/cmo/miniconda3/envs/trident/bin/../lib/gcc/x86_64-conda-linux-gnu/9.4.0/../../../../x86_64-conda-linux-gnu/bin/as -v --64 -o CMakeFiles/cmTC_18d05.dir/CMakeCCompilerABI.c.o
GNU assembler version 2.36.1 (x86_64-conda-linux-gnu) using BFD version (GNU Binutils) 2.36.1
GNU C17 (GCC) version 9.4.0 (x86_64-conda-linux-gnu)
	compiled by GNU C version 9.4.0, GMP version 6.1.0, MPFR version 3.1.4, MPC version 1.0.3, isl version isl-0.18-GMP

GGC heuristics: --param ggc-min-expand=100 --param ggc-min-heapsize=131072
ignoring duplicate directory "/home/cmo/miniconda3/envs/trident/bin/../lib/gcc/../../lib/gcc/x86_64-conda-linux-gnu/9.4.0/include"
ignoring nonexistent directory "/home/cmo/miniconda3/envs/trident/bin/../x86_64-conda-linux-gnu/sysroot/usr/local/include"
ignoring duplicate directory "/home/cmo/miniconda3/envs/trident/bin/../lib/gcc/../../lib/gcc/x86_64-conda-linux-gnu/9.4.0/include-fixed"
ignoring duplicate directory "/home/cmo/miniconda3/envs/trident/bin/../lib/gcc/../../lib/gcc/x86_64-conda-linux-gnu/9.4.0/../../../../x86_64-conda-linux-gnu/include"
#include "..." search starts here:
#include <...> search starts here:
 /home/cmo/miniconda3/envs/trident/include
 /home/cmo/miniconda3/envs/trident/bin/../lib/gcc/x86_64-conda-linux-gnu/9.4.0/include
 /home/cmo/miniconda3/envs/trident/bin/../lib/gcc/x86_64-conda-linux-gnu/9.4.0/include-fixed
 /home/cmo/miniconda3/envs/trident/bin/../lib/gcc/x86_64-conda-linux-gnu/9.4.0/../../../../x86_64-conda-linux-gnu/include
 /home/cmo/miniconda3/envs/trident/bin/../x86_64-conda-linux-gnu/sysroot/usr/include
End of search list.
GNU C17 (GCC) version 9.4.0 (x86_64-conda-linux-gnu)
	compiled by GNU C version 9.4.0, GMP version 6.1.0, MPFR version 3.1.4, MPC version 1.0.3, isl version isl-0.18-GMP

GGC heuristics: --param ggc-min-expand=100 --param ggc-min-heapsize=131072
Compiler executable checksum: 3e283385a4db2f80212490ed2d871191
COMPILER_PATH=/home/cmo/miniconda3/envs/trident/bin/../libexec/gcc/x86_64-conda-linux-gnu/9.4.0/:/home/cmo/miniconda3/envs/trident/bin/../libexec/gcc/:/home/cmo/miniconda3/envs/trident/bin/../lib/gcc/x86_64-conda-linux-gnu/9.4.0/../../../../x86_64-conda-linux-gnu/bin/
LIBRARY_PATH=/home/cmo/miniconda3/envs/trident/bin/../lib/gcc/x86_64-conda-linux-gnu/9.4.0/:/home/cmo/miniconda3/envs/trident/bin/../lib/gcc/:/home/cmo/miniconda3/envs/trident/bin/../lib/gcc/x86_64-conda-linux-gnu/9.4.0/../../../../x86_64-conda-linux-gnu/lib/../lib/:/home/cmo/miniconda3/envs/trident/bin/../lib/gcc/x86_64-conda-linux-gnu/9.4.0/../../../../lib/:/home/cmo/miniconda3/envs/trident/bin/../x86_64-conda-linux-gnu/sysroot/lib/../lib/:/home/cmo/miniconda3/envs/trident/bin/../x86_64-conda-linux-gnu/sysroot/usr/lib/../lib/:/home/cmo/miniconda3/envs/trident/bin/../lib/gcc/x86_64-conda-linux-gnu/9.4.0/../../../../x86_64-conda-linux-gnu/lib/:/home/cmo/miniconda3/envs/trident/bin/../lib/gcc/x86_64-conda-linux-gnu/9.4.0/../../../:/home/cmo/miniconda3/envs/trident/bin/../x86_64-conda-linux-gnu/sysroot/lib/:/home/cmo/miniconda3/envs/trident/bin/../x86_64-conda-linux-gnu/sysroot/usr/lib/
COLLECT_GCC_OPTIONS='-march=nocona' '-mtune=haswell' '-ftree-vectorize' '-fPIC' '-fstack-protector-strong' '-fno-plt' '-O2' '-ffunction-sections' '-pipe' '-isystem' '/home/cmo/miniconda3/envs/trident/include' '-v' '-o' 'CMakeFiles/cmTC_18d05.dir/CMakeCCompilerABI.c.o' '-c'
Linking C executable cmTC_18d05
/home/cmo/miniconda3/envs/trident/bin/cmake -E cmake_link_script CMakeFiles/cmTC_18d05.dir/link.txt --verbose=1
/home/cmo/miniconda3/envs/trident/bin/x86_64-conda-linux-gnu-cc -march=nocona -mtune=haswell -ftree-vectorize -fPIC -fstack-protector-strong -fno-plt -O2 -ffunction-sections -pipe -isystem /home/cmo/miniconda3/envs/trident/include  -Wl,-O2 -Wl,--sort-common -Wl,--as-needed -Wl,-z,relro -Wl,-z,now -Wl,--disable-new-dtags -Wl,--gc-sections -Wl,-rpath,/home/cmo/miniconda3/envs/trident/lib -Wl,-rpath-link,/home/cmo/miniconda3/envs/trident/lib -L/home/cmo/miniconda3/envs/trident/lib -v -rdynamic CMakeFiles/cmTC_18d05.dir/CMakeCCompilerABI.c.o -o cmTC_18d05 
Reading specs from /home/cmo/miniconda3/envs/trident/bin/../lib/gcc/x86_64-conda-linux-gnu/9.4.0/specs
COLLECT_GCC=/home/cmo/miniconda3/envs/trident/bin/x86_64-conda-linux-gnu-cc
COLLECT_LTO_WRAPPER=/home/cmo/miniconda3/envs/trident/bin/../libexec/gcc/x86_64-conda-linux-gnu/9.4.0/lto-wrapper
Target: x86_64-conda-linux-gnu
Configured with: ../configure --prefix=/home/conda/feedstock_root/build_artifacts/gcc_compilers_1634095554843/_h_env_placehold_placehold_placehold_placehold_placehold_placehold_placehold_placehold_placehold_placehold_placehold_placehold_placehold_placehold_placehold_placehold_placehold_placeho --with-slibdir=/home/conda/feedstock_root/build_artifacts/gcc_compilers_1634095554843/_h_env_placehold_placehold_placehold_placehold_placehold_placehold_placehold_placehold_placehold_placehold_placehold_placehold_placehold_placehold_placehold_placehold_placehold_placeho/lib --libdir=/home/conda/feedstock_root/build_artifacts/gcc_compilers_1634095554843/_h_env_placehold_placehold_placehold_placehold_placehold_placehold_placehold_placehold_placehold_placehold_placehold_placehold_placehold_placehold_placehold_placehold_placehold_placeho/lib --build=x86_64-conda-linux-gnu --host=x86_64-conda-linux-gnu --target=x86_64-conda-linux-gnu --enable-default-pie --enable-languages=c,c++,fortran,objc,obj-c++ --enable-__cxa_atexit --disable-libmudflap --enable-libgomp --disable-libssp --enable-libquadmath --enable-libquadmath-support --enable-libsanitizer --enable-lto --enable-threads=posix --enable-target-optspace --enable-plugin --enable-gold --disable-nls --disable-bootstrap --disable-multilib --enable-long-long --enable-default-pie --with-sysroot=/home/conda/feedstock_root/build_artifacts/gcc_compilers_1634095554843/_h_env_placehold_placehold_placehold_placehold_placehold_placehold_placehold_placehold_placehold_placehold_placehold_placehold_placehold_placehold_placehold_placehold_placehold_placeho/x86_64-conda-linux-gnu/sysroot --with-build-sysroot=/home/conda/feedstock_root/build_artifacts/gcc_compilers_1634095554843/_build_env/x86_64-conda-linux-gnu/sysroot --with-gxx-include-dir=/home/conda/feedstock_root/build_artifacts/gcc_compilers_1634095554843/_h_env_placehold_placehold_placehold_placehold_placehold_placehold_placehold_placehold_placehold_placehold_placehold_placehold_placehold_placehold_placehold_placehold_placehold_placeho/x86_64-conda-linux-gnu/include/c++/9.4.0
Thread model: posix
gcc version 9.4.0 (GCC) 
COMPILER_PATH=/home/cmo/miniconda3/envs/trident/bin/../libexec/gcc/x86_64-conda-linux-gnu/9.4.0/:/home/cmo/miniconda3/envs/trident/bin/../libexec/gcc/:/home/cmo/miniconda3/envs/trident/bin/../lib/gcc/x86_64-conda-linux-gnu/9.4.0/../../../../x86_64-conda-linux-gnu/bin/
LIBRARY_PATH=/home/cmo/miniconda3/envs/trident/bin/../lib/gcc/x86_64-conda-linux-gnu/9.4.0/:/home/cmo/miniconda3/envs/trident/bin/../lib/gcc/:/home/cmo/miniconda3/envs/trident/bin/../lib/gcc/x86_64-conda-linux-gnu/9.4.0/../../../../x86_64-conda-linux-gnu/lib/../lib/:/home/cmo/miniconda3/envs/trident/bin/../lib/gcc/x86_64-conda-linux-gnu/9.4.0/../../../../lib/:/home/cmo/miniconda3/envs/trident/bin/../x86_64-conda-linux-gnu/sysroot/lib/../lib/:/home/cmo/miniconda3/envs/trident/bin/../x86_64-conda-linux-gnu/sysroot/usr/lib/../lib/:/home/cmo/miniconda3/envs/trident/bin/../lib/gcc/x86_64-conda-linux-gnu/9.4.0/../../../../x86_64-conda-linux-gnu/lib/:/home/cmo/miniconda3/envs/trident/bin/../lib/gcc/x86_64-conda-linux-gnu/9.4.0/../../../:/home/cmo/miniconda3/envs/trident/bin/../x86_64-conda-linux-gnu/sysroot/lib/:/home/cmo/miniconda3/envs/trident/bin/../x86_64-conda-linux-gnu/sysroot/usr/lib/
COLLECT_GCC_OPTIONS='-march=nocona' '-mtune=haswell' '-ftree-vectorize' '-fPIC' '-fstack-protector-strong' '-fno-plt' '-O2' '-ffunction-sections' '-pipe' '-isystem' '/home/cmo/miniconda3/envs/trident/include' '-L/home/cmo/miniconda3/envs/trident/lib' '-v' '-rdynamic' '-o' 'cmTC_18d05'
 /home/cmo/miniconda3/envs/trident/bin/../libexec/gcc/x86_64-conda-linux-gnu/9.4.0/collect2 -plugin /home/cmo/miniconda3/envs/trident/bin/../libexec/gcc/x86_64-conda-linux-gnu/9.4.0/liblto_plugin.so -plugin-opt=/home/cmo/miniconda3/envs/trident/bin/../libexec/gcc/x86_64-conda-linux-gnu/9.4.0/lto-wrapper -plugin-opt=-fresolution=/tmp/ccaXNDV8.res -plugin-opt=-pass-through=-lgcc -plugin-opt=-pass-through=-lgcc_s -plugin-opt=-pass-through=-lc -plugin-opt=-pass-through=-lgcc -plugin-opt=-pass-through=-lgcc_s --sysroot=/home/cmo/miniconda3/envs/trident/bin/../x86_64-conda-linux-gnu/sysroot --eh-frame-hdr -m elf_x86_64 -export-dynamic -dynamic-linker /lib64/ld-linux-x86-64.so.2 -pie -o cmTC_18d05 /home/cmo/miniconda3/envs/trident/bin/../x86_64-conda-linux-gnu/sysroot/usr/lib/../lib/Scrt1.o /home/cmo/miniconda3/envs/trident/bin/../x86_64-conda-linux-gnu/sysroot/usr/lib/../lib/crti.o /home/cmo/miniconda3/envs/trident/bin/../lib/gcc/x86_64-conda-linux-gnu/9.4.0/crtbeginS.o -L/home/cmo/miniconda3/envs/trident/lib -L/home/cmo/miniconda3/envs/trident/bin/../lib/gcc/x86_64-conda-linux-gnu/9.4.0 -L/home/cmo/miniconda3/envs/trident/bin/../lib/gcc -L/home/cmo/miniconda3/envs/trident/bin/../lib/gcc/x86_64-conda-linux-gnu/9.4.0/../../../../x86_64-conda-linux-gnu/lib/../lib -L/home/cmo/miniconda3/envs/trident/bin/../lib/gcc/x86_64-conda-linux-gnu/9.4.0/../../../../lib -L/home/cmo/miniconda3/envs/trident/bin/../x86_64-conda-linux-gnu/sysroot/lib/../lib -L/home/cmo/miniconda3/envs/trident/bin/../x86_64-conda-linux-gnu/sysroot/usr/lib/../lib -L/home/cmo/miniconda3/envs/trident/bin/../lib/gcc/x86_64-conda-linux-gnu/9.4.0/../../../../x86_64-conda-linux-gnu/lib -L/home/cmo/miniconda3/envs/trident/bin/../lib/gcc/x86_64-conda-linux-gnu/9.4.0/../../.. -L/home/cmo/miniconda3/envs/trident/bin/../x86_64-conda-linux-gnu/sysroot/lib -L/home/cmo/miniconda3/envs/trident/bin/../x86_64-conda-linux-gnu/sysroot/usr/lib -O2 --sort-common --as-needed -z relro -z now --disable-new-dtags --gc-sections -rpath /home/cmo/miniconda3/envs/trident/lib -rpath-link /home/cmo/miniconda3/envs/trident/lib CMakeFiles/cmTC_18d05.dir/CMakeCCompilerABI.c.o -lgcc --push-state --as-needed -lgcc_s --pop-state -lc -lgcc --push-state --as-needed -lgcc_s --pop-state /home/cmo/miniconda3/envs/trident/bin/../lib/gcc/x86_64-conda-linux-gnu/9.4.0/crtendS.o /home/cmo/miniconda3/envs/trident/bin/../x86_64-conda-linux-gnu/sysroot/usr/lib/../lib/crtn.o -rpath /home/cmo/miniconda3/envs/trident/lib
COLLECT_GCC_OPTIONS='-march=nocona' '-mtune=haswell' '-ftree-vectorize' '-fPIC' '-fstack-protector-strong' '-fno-plt' '-O2' '-ffunction-sections' '-pipe' '-isystem' '/home/cmo/miniconda3/envs/trident/include' '-L/home/cmo/miniconda3/envs/trident/lib' '-v' '-rdynamic' '-o' 'cmTC_18d05'
gmake[1]: Leaving directory '/home/cmo/jb_dataspell/g4basic/B1/build_withseed/CMakeFiles/CMakeTmp'



Parsed C implicit include dir info from above output: rv=done
  found start of include info
  found start of implicit include info
    add: [/home/cmo/miniconda3/envs/trident/include]
    add: [/home/cmo/miniconda3/envs/trident/bin/../lib/gcc/x86_64-conda-linux-gnu/9.4.0/include]
    add: [/home/cmo/miniconda3/envs/trident/bin/../lib/gcc/x86_64-conda-linux-gnu/9.4.0/include-fixed]
    add: [/home/cmo/miniconda3/envs/trident/bin/../lib/gcc/x86_64-conda-linux-gnu/9.4.0/../../../../x86_64-conda-linux-gnu/include]
    add: [/home/cmo/miniconda3/envs/trident/bin/../x86_64-conda-linux-gnu/sysroot/usr/include]
  end of search list found
  collapse include dir [/home/cmo/miniconda3/envs/trident/include] ==> [/home/cmo/miniconda3/envs/trident/include]
  collapse include dir [/home/cmo/miniconda3/envs/trident/bin/../lib/gcc/x86_64-conda-linux-gnu/9.4.0/include] ==> [/home/cmo/miniconda3/envs/trident/lib/gcc/x86_64-conda-linux-gnu/9.4.0/include]
  collapse include dir [/home/cmo/miniconda3/envs/trident/bin/../lib/gcc/x86_64-conda-linux-gnu/9.4.0/include-fixed] ==> [/home/cmo/miniconda3/envs/trident/lib/gcc/x86_64-conda-linux-gnu/9.4.0/include-fixed]
  collapse include dir [/home/cmo/miniconda3/envs/trident/bin/../lib/gcc/x86_64-conda-linux-gnu/9.4.0/../../../../x86_64-conda-linux-gnu/include] ==> [/home/cmo/miniconda3/envs/trident/x86_64-conda-linux-gnu/include]
  collapse include dir [/home/cmo/miniconda3/envs/trident/bin/../x86_64-conda-linux-gnu/sysroot/usr/include] ==> [/home/cmo/miniconda3/envs/trident/x86_64-conda-linux-gnu/sysroot/usr/include]
  implicit include dirs: [/home/cmo/miniconda3/envs/trident/include;/home/cmo/miniconda3/envs/trident/lib/gcc/x86_64-conda-linux-gnu/9.4.0/include;/home/cmo/miniconda3/envs/trident/lib/gcc/x86_64-conda-linux-gnu/9.4.0/include-fixed;/home/cmo/miniconda3/envs/trident/x86_64-conda-linux-gnu/include;/home/cmo/miniconda3/envs/trident/x86_64-conda-linux-gnu/sysroot/usr/include]


Parsed C implicit link information from above output:
  link line regex: [^( *|.*[/\])(x86_64-conda-linux-gnu-ld|CMAKE_LINK_STARTFILE-NOTFOUND|([^/\]+-)?ld|collect2)[^/\]*( |$)]
  ignore line: [Change Dir: /home/cmo/jb_dataspell/g4basic/B1/build_withseed/CMakeFiles/CMakeTmp]
  ignore line: []
  ignore line: [Run Build Command(s):/usr/bin/gmake -f Makefile cmTC_18d05/fast && /usr/bin/gmake  -f CMakeFiles/cmTC_18d05.dir/build.make CMakeFiles/cmTC_18d05.dir/build]
  ignore line: [gmake[1]: Entering directory '/home/cmo/jb_dataspell/g4basic/B1/build_withseed/CMakeFiles/CMakeTmp']
  ignore line: [Building C object CMakeFiles/cmTC_18d05.dir/CMakeCCompilerABI.c.o]
  ignore line: [/home/cmo/miniconda3/envs/trident/bin/x86_64-conda-linux-gnu-cc   -march=nocona -mtune=haswell -ftree-vectorize -fPIC -fstack-protector-strong -fno-plt -O2 -ffunction-sections -pipe -isystem /home/cmo/miniconda3/envs/trident/include    -v -o CMakeFiles/cmTC_18d05.dir/CMakeCCompilerABI.c.o -c /home/cmo/miniconda3/envs/trident/share/cmake-3.21/Modules/CMakeCCompilerABI.c]
  ignore line: [Reading specs from /home/cmo/miniconda3/envs/trident/bin/../lib/gcc/x86_64-conda-linux-gnu/9.4.0/specs]
  ignore line: [COLLECT_GCC=/home/cmo/miniconda3/envs/trident/bin/x86_64-conda-linux-gnu-cc]
  ignore line: [Target: x86_64-conda-linux-gnu]
  ignore line: [Configured with: ../configure --prefix=/home/conda/feedstock_root/build_artifacts/gcc_compilers_1634095554843/_h_env_placehold_placehold_placehold_placehold_placehold_placehold_placehold_placehold_placehold_placehold_placehold_placehold_placehold_placehold_placehold_placehold_placehold_placeho --with-slibdir=/home/conda/feedstock_root/build_artifacts/gcc_compilers_1634095554843/_h_env_placehold_placehold_placehold_placehold_placehold_placehold_placehold_placehold_placehold_placehold_placehold_placehold_placehold_placehold_placehold_placehold_placehold_placeho/lib --libdir=/home/conda/feedstock_root/build_artifacts/gcc_compilers_1634095554843/_h_env_placehold_placehold_placehold_placehold_placehold_placehold_placehold_placehold_placehold_placehold_placehold_placehold_placehold_placehold_placehold_placehold_placehold_placeho/lib --build=x86_64-conda-linux-gnu --host=x86_64-conda-linux-gnu --target=x86_64-conda-linux-gnu --enable-default-pie --enable-languages=c c++ fortran objc obj-c++ --enable-__cxa_atexit --disable-libmudflap --enable-libgomp --disable-libssp --enable-libquadmath --enable-libquadmath-support --enable-libsanitizer --enable-lto --enable-threads=posix --enable-target-optspace --enable-plugin --enable-gold --disable-nls --disable-bootstrap --disable-multilib --enable-long-long --enable-default-pie --with-sysroot=/home/conda/feedstock_root/build_artifacts/gcc_compilers_1634095554843/_h_env_placehold_placehold_placehold_placehold_placehold_placehold_placehold_placehold_placehold_placehold_placehold_placehold_placehold_placehold_placehold_placehold_placehold_placeho/x86_64-conda-linux-gnu/sysroot --with-build-sysroot=/home/conda/feedstock_root/build_artifacts/gcc_compilers_1634095554843/_build_env/x86_64-conda-linux-gnu/sysroot --with-gxx-include-dir=/home/conda/feedstock_root/build_artifacts/gcc_compilers_1634095554843/_h_env_placehold_placehold_placehold_placehold_placehold_placehold_placehold_placehold_placehold_placehold_placehold_placehold_placehold_placehold_placehold_placehold_placehold_placeho/x86_64-conda-linux-gnu/include/c++/9.4.0]
  ignore line: [Thread model: posix]
  ignore line: [gcc version 9.4.0 (GCC) ]
  ignore line: [COLLECT_GCC_OPTIONS='-march=nocona' '-mtune=haswell' '-ftree-vectorize' '-fPIC' '-fstack-protector-strong' '-fno-plt' '-O2' '-ffunction-sections' '-pipe' '-isystem' '/home/cmo/miniconda3/envs/trident/include' '-v' '-o' 'CMakeFiles/cmTC_18d05.dir/CMakeCCompilerABI.c.o' '-c']
  ignore line: [ /home/cmo/miniconda3/envs/trident/bin/../libexec/gcc/x86_64-conda-linux-gnu/9.4.0/cc1 -quiet -v -iprefix /home/cmo/miniconda3/envs/trident/bin/../lib/gcc/x86_64-conda-linux-gnu/9.4.0/ -isysroot /home/cmo/miniconda3/envs/trident/bin/../x86_64-conda-linux-gnu/sysroot -isystem /home/cmo/miniconda3/envs/trident/include /home/cmo/miniconda3/envs/trident/share/cmake-3.21/Modules/CMakeCCompilerABI.c -quiet -dumpbase CMakeCCompilerABI.c -march=nocona -mtune=haswell -auxbase-strip CMakeFiles/cmTC_18d05.dir/CMakeCCompilerABI.c.o -O2 -version -ftree-vectorize -fPIC -fstack-protector-strong -fno-plt -ffunction-sections -o - |]
  ignore line: [ /home/cmo/miniconda3/envs/trident/bin/../lib/gcc/x86_64-conda-linux-gnu/9.4.0/../../../../x86_64-conda-linux-gnu/bin/as -v --64 -o CMakeFiles/cmTC_18d05.dir/CMakeCCompilerABI.c.o]
  ignore line: [GNU assembler version 2.36.1 (x86_64-conda-linux-gnu) using BFD version (GNU Binutils) 2.36.1]
  ignore line: [GNU C17 (GCC) version 9.4.0 (x86_64-conda-linux-gnu)]
  ignore line: [	compiled by GNU C version 9.4.0  GMP version 6.1.0  MPFR version 3.1.4  MPC version 1.0.3  isl version isl-0.18-GMP]
  ignore line: []
  ignore line: [GGC heuristics: --param ggc-min-expand=100 --param ggc-min-heapsize=131072]
  ignore line: [ignoring duplicate directory "/home/cmo/miniconda3/envs/trident/bin/../lib/gcc/../../lib/gcc/x86_64-conda-linux-gnu/9.4.0/include"]
  ignore line: [ignoring nonexistent directory "/home/cmo/miniconda3/envs/trident/bin/../x86_64-conda-linux-gnu/sysroot/usr/local/include"]
  ignore line: [ignoring duplicate directory "/home/cmo/miniconda3/envs/trident/bin/../lib/gcc/../../lib/gcc/x86_64-conda-linux-gnu/9.4.0/include-fixed"]
  ignore line: [ignoring duplicate directory "/home/cmo/miniconda3/envs/trident/bin/../lib/gcc/../../lib/gcc/x86_64-conda-linux-gnu/9.4.0/../../../../x86_64-conda-linux-gnu/include"]
  ignore line: [#include "..." search starts here:]
  ignore line: [#include <...> search starts here:]
  ignore line: [ /home/cmo/miniconda3/envs/trident/include]
  ignore line: [ /home/cmo/miniconda3/envs/trident/bin/../lib/gcc/x86_64-conda-linux-gnu/9.4.0/include]
  ignore line: [ /home/cmo/miniconda3/envs/trident/bin/../lib/gcc/x86_64-conda-linux-gnu/9.4.0/include-fixed]
  ignore line: [ /home/cmo/miniconda3/envs/trident/bin/../lib/gcc/x86_64-conda-linux-gnu/9.4.0/../../../../x86_64-conda-linux-gnu/include]
  ignore line: [ /home/cmo/miniconda3/envs/trident/bin/../x86_64-conda-linux-gnu/sysroot/usr/include]
  ignore line: [End of search list.]
  ignore line: [GNU C17 (GCC) version 9.4.0 (x86_64-conda-linux-gnu)]
  ignore line: [	compiled by GNU C version 9.4.0  GMP version 6.1.0  MPFR version 3.1.4  MPC version 1.0.3  isl version isl-0.18-GMP]
  ignore line: []
  ignore line: [GGC heuristics: --param ggc-min-expand=100 --param ggc-min-heapsize=131072]
  ignore line: [Compiler executable checksum: 3e283385a4db2f80212490ed2d871191]
  ignore line: [COMPILER_PATH=/home/cmo/miniconda3/envs/trident/bin/../libexec/gcc/x86_64-conda-linux-gnu/9.4.0/:/home/cmo/miniconda3/envs/trident/bin/../libexec/gcc/:/home/cmo/miniconda3/envs/trident/bin/../lib/gcc/x86_64-conda-linux-gnu/9.4.0/../../../../x86_64-conda-linux-gnu/bin/]
  ignore line: [LIBRARY_PATH=/home/cmo/miniconda3/envs/trident/bin/../lib/gcc/x86_64-conda-linux-gnu/9.4.0/:/home/cmo/miniconda3/envs/trident/bin/../lib/gcc/:/home/cmo/miniconda3/envs/trident/bin/../lib/gcc/x86_64-conda-linux-gnu/9.4.0/../../../../x86_64-conda-linux-gnu/lib/../lib/:/home/cmo/miniconda3/envs/trident/bin/../lib/gcc/x86_64-conda-linux-gnu/9.4.0/../../../../lib/:/home/cmo/miniconda3/envs/trident/bin/../x86_64-conda-linux-gnu/sysroot/lib/../lib/:/home/cmo/miniconda3/envs/trident/bin/../x86_64-conda-linux-gnu/sysroot/usr/lib/../lib/:/home/cmo/miniconda3/envs/trident/bin/../lib/gcc/x86_64-conda-linux-gnu/9.4.0/../../../../x86_64-conda-linux-gnu/lib/:/home/cmo/miniconda3/envs/trident/bin/../lib/gcc/x86_64-conda-linux-gnu/9.4.0/../../../:/home/cmo/miniconda3/envs/trident/bin/../x86_64-conda-linux-gnu/sysroot/lib/:/home/cmo/miniconda3/envs/trident/bin/../x86_64-conda-linux-gnu/sysroot/usr/lib/]
  ignore line: [COLLECT_GCC_OPTIONS='-march=nocona' '-mtune=haswell' '-ftree-vectorize' '-fPIC' '-fstack-protector-strong' '-fno-plt' '-O2' '-ffunction-sections' '-pipe' '-isystem' '/home/cmo/miniconda3/envs/trident/include' '-v' '-o' 'CMakeFiles/cmTC_18d05.dir/CMakeCCompilerABI.c.o' '-c']
  ignore line: [Linking C executable cmTC_18d05]
  ignore line: [/home/cmo/miniconda3/envs/trident/bin/cmake -E cmake_link_script CMakeFiles/cmTC_18d05.dir/link.txt --verbose=1]
  ignore line: [/home/cmo/miniconda3/envs/trident/bin/x86_64-conda-linux-gnu-cc -march=nocona -mtune=haswell -ftree-vectorize -fPIC -fstack-protector-strong -fno-plt -O2 -ffunction-sections -pipe -isystem /home/cmo/miniconda3/envs/trident/include  -Wl -O2 -Wl --sort-common -Wl --as-needed -Wl -z relro -Wl -z now -Wl --disable-new-dtags -Wl --gc-sections -Wl -rpath /home/cmo/miniconda3/envs/trident/lib -Wl -rpath-link /home/cmo/miniconda3/envs/trident/lib -L/home/cmo/miniconda3/envs/trident/lib -v -rdynamic CMakeFiles/cmTC_18d05.dir/CMakeCCompilerABI.c.o -o cmTC_18d05 ]
  ignore line: [Reading specs from /home/cmo/miniconda3/envs/trident/bin/../lib/gcc/x86_64-conda-linux-gnu/9.4.0/specs]
  ignore line: [COLLECT_GCC=/home/cmo/miniconda3/envs/trident/bin/x86_64-conda-linux-gnu-cc]
  ignore line: [COLLECT_LTO_WRAPPER=/home/cmo/miniconda3/envs/trident/bin/../libexec/gcc/x86_64-conda-linux-gnu/9.4.0/lto-wrapper]
  ignore line: [Target: x86_64-conda-linux-gnu]
  ignore line: [Configured with: ../configure --prefix=/home/conda/feedstock_root/build_artifacts/gcc_compilers_1634095554843/_h_env_placehold_placehold_placehold_placehold_placehold_placehold_placehold_placehold_placehold_placehold_placehold_placehold_placehold_placehold_placehold_placehold_placehold_placeho --with-slibdir=/home/conda/feedstock_root/build_artifacts/gcc_compilers_1634095554843/_h_env_placehold_placehold_placehold_placehold_placehold_placehold_placehold_placehold_placehold_placehold_placehold_placehold_placehold_placehold_placehold_placehold_placehold_placeho/lib --libdir=/home/conda/feedstock_root/build_artifacts/gcc_compilers_1634095554843/_h_env_placehold_placehold_placehold_placehold_placehold_placehold_placehold_placehold_placehold_placehold_placehold_placehold_placehold_placehold_placehold_placehold_placehold_placeho/lib --build=x86_64-conda-linux-gnu --host=x86_64-conda-linux-gnu --target=x86_64-conda-linux-gnu --enable-default-pie --enable-languages=c c++ fortran objc obj-c++ --enable-__cxa_atexit --disable-libmudflap --enable-libgomp --disable-libssp --enable-libquadmath --enable-libquadmath-support --enable-libsanitizer --enable-lto --enable-threads=posix --enable-target-optspace --enable-plugin --enable-gold --disable-nls --disable-bootstrap --disable-multilib --enable-long-long --enable-default-pie --with-sysroot=/home/conda/feedstock_root/build_artifacts/gcc_compilers_1634095554843/_h_env_placehold_placehold_placehold_placehold_placehold_placehold_placehold_placehold_placehold_placehold_placehold_placehold_placehold_placehold_placehold_placehold_placehold_placeho/x86_64-conda-linux-gnu/sysroot --with-build-sysroot=/home/conda/feedstock_root/build_artifacts/gcc_compilers_1634095554843/_build_env/x86_64-conda-linux-gnu/sysroot --with-gxx-include-dir=/home/conda/feedstock_root/build_artifacts/gcc_compilers_1634095554843/_h_env_placehold_placehold_placehold_placehold_placehold_placehold_placehold_placehold_placehold_placehold_placehold_placehold_placehold_placehold_placehold_placehold_placehold_placeho/x86_64-conda-linux-gnu/include/c++/9.4.0]
  ignore line: [Thread model: posix]
  ignore line: [gcc version 9.4.0 (GCC) ]
  ignore line: [COMPILER_PATH=/home/cmo/miniconda3/envs/trident/bin/../libexec/gcc/x86_64-conda-linux-gnu/9.4.0/:/home/cmo/miniconda3/envs/trident/bin/../libexec/gcc/:/home/cmo/miniconda3/envs/trident/bin/../lib/gcc/x86_64-conda-linux-gnu/9.4.0/../../../../x86_64-conda-linux-gnu/bin/]
  ignore line: [LIBRARY_PATH=/home/cmo/miniconda3/envs/trident/bin/../lib/gcc/x86_64-conda-linux-gnu/9.4.0/:/home/cmo/miniconda3/envs/trident/bin/../lib/gcc/:/home/cmo/miniconda3/envs/trident/bin/../lib/gcc/x86_64-conda-linux-gnu/9.4.0/../../../../x86_64-conda-linux-gnu/lib/../lib/:/home/cmo/miniconda3/envs/trident/bin/../lib/gcc/x86_64-conda-linux-gnu/9.4.0/../../../../lib/:/home/cmo/miniconda3/envs/trident/bin/../x86_64-conda-linux-gnu/sysroot/lib/../lib/:/home/cmo/miniconda3/envs/trident/bin/../x86_64-conda-linux-gnu/sysroot/usr/lib/../lib/:/home/cmo/miniconda3/envs/trident/bin/../lib/gcc/x86_64-conda-linux-gnu/9.4.0/../../../../x86_64-conda-linux-gnu/lib/:/home/cmo/miniconda3/envs/trident/bin/../lib/gcc/x86_64-conda-linux-gnu/9.4.0/../../../:/home/cmo/miniconda3/envs/trident/bin/../x86_64-conda-linux-gnu/sysroot/lib/:/home/cmo/miniconda3/envs/trident/bin/../x86_64-conda-linux-gnu/sysroot/usr/lib/]
  ignore line: [COLLECT_GCC_OPTIONS='-march=nocona' '-mtune=haswell' '-ftree-vectorize' '-fPIC' '-fstack-protector-strong' '-fno-plt' '-O2' '-ffunction-sections' '-pipe' '-isystem' '/home/cmo/miniconda3/envs/trident/include' '-L/home/cmo/miniconda3/envs/trident/lib' '-v' '-rdynamic' '-o' 'cmTC_18d05']
  link line: [ /home/cmo/miniconda3/envs/trident/bin/../libexec/gcc/x86_64-conda-linux-gnu/9.4.0/collect2 -plugin /home/cmo/miniconda3/envs/trident/bin/../libexec/gcc/x86_64-conda-linux-gnu/9.4.0/liblto_plugin.so -plugin-opt=/home/cmo/miniconda3/envs/trident/bin/../libexec/gcc/x86_64-conda-linux-gnu/9.4.0/lto-wrapper -plugin-opt=-fresolution=/tmp/ccaXNDV8.res -plugin-opt=-pass-through=-lgcc -plugin-opt=-pass-through=-lgcc_s -plugin-opt=-pass-through=-lc -plugin-opt=-pass-through=-lgcc -plugin-opt=-pass-through=-lgcc_s --sysroot=/home/cmo/miniconda3/envs/trident/bin/../x86_64-conda-linux-gnu/sysroot --eh-frame-hdr -m elf_x86_64 -export-dynamic -dynamic-linker /lib64/ld-linux-x86-64.so.2 -pie -o cmTC_18d05 /home/cmo/miniconda3/envs/trident/bin/../x86_64-conda-linux-gnu/sysroot/usr/lib/../lib/Scrt1.o /home/cmo/miniconda3/envs/trident/bin/../x86_64-conda-linux-gnu/sysroot/usr/lib/../lib/crti.o /home/cmo/miniconda3/envs/trident/bin/../lib/gcc/x86_64-conda-linux-gnu/9.4.0/crtbeginS.o -L/home/cmo/miniconda3/envs/trident/lib -L/home/cmo/miniconda3/envs/trident/bin/../lib/gcc/x86_64-conda-linux-gnu/9.4.0 -L/home/cmo/miniconda3/envs/trident/bin/../lib/gcc -L/home/cmo/miniconda3/envs/trident/bin/../lib/gcc/x86_64-conda-linux-gnu/9.4.0/../../../../x86_64-conda-linux-gnu/lib/../lib -L/home/cmo/miniconda3/envs/trident/bin/../lib/gcc/x86_64-conda-linux-gnu/9.4.0/../../../../lib -L/home/cmo/miniconda3/envs/trident/bin/../x86_64-conda-linux-gnu/sysroot/lib/../lib -L/home/cmo/miniconda3/envs/trident/bin/../x86_64-conda-linux-gnu/sysroot/usr/lib/../lib -L/home/cmo/miniconda3/envs/trident/bin/../lib/gcc/x86_64-conda-linux-gnu/9.4.0/../../../../x86_64-conda-linux-gnu/lib -L/home/cmo/miniconda3/envs/trident/bin/../lib/gcc/x86_64-conda-linux-gnu/9.4.0/../../.. -L/home/cmo/miniconda3/envs/trident/bin/../x86_64-conda-linux-gnu/sysroot/lib -L/home/cmo/miniconda3/envs/trident/bin/../x86_64-conda-linux-gnu/sysroot/usr/lib -O2 --sort-common --as-needed -z relro -z now --disable-new-dtags --gc-sections -rpath /home/cmo/miniconda3/envs/trident/lib -rpath-link /home/cmo/miniconda3/envs/trident/lib CMakeFiles/cmTC_18d05.dir/CMakeCCompilerABI.c.o -lgcc --push-state --as-needed -lgcc_s --pop-state -lc -lgcc --push-state --as-needed -lgcc_s --pop-state /home/cmo/miniconda3/envs/trident/bin/../lib/gcc/x86_64-conda-linux-gnu/9.4.0/crtendS.o /home/cmo/miniconda3/envs/trident/bin/../x86_64-conda-linux-gnu/sysroot/usr/lib/../lib/crtn.o -rpath /home/cmo/miniconda3/envs/trident/lib]
    arg [/home/cmo/miniconda3/envs/trident/bin/../libexec/gcc/x86_64-conda-linux-gnu/9.4.0/collect2] ==> ignore
    arg [-plugin] ==> ignore
    arg [/home/cmo/miniconda3/envs/trident/bin/../libexec/gcc/x86_64-conda-linux-gnu/9.4.0/liblto_plugin.so] ==> ignore
    arg [-plugin-opt=/home/cmo/miniconda3/envs/trident/bin/../libexec/gcc/x86_64-conda-linux-gnu/9.4.0/lto-wrapper] ==> ignore
    arg [-plugin-opt=-fresolution=/tmp/ccaXNDV8.res] ==> ignore
    arg [-plugin-opt=-pass-through=-lgcc] ==> ignore
    arg [-plugin-opt=-pass-through=-lgcc_s] ==> ignore
    arg [-plugin-opt=-pass-through=-lc] ==> ignore
    arg [-plugin-opt=-pass-through=-lgcc] ==> ignore
    arg [-plugin-opt=-pass-through=-lgcc_s] ==> ignore
    arg [--sysroot=/home/cmo/miniconda3/envs/trident/bin/../x86_64-conda-linux-gnu/sysroot] ==> ignore
    arg [--eh-frame-hdr] ==> ignore
    arg [-m] ==> ignore
    arg [elf_x86_64] ==> ignore
    arg [-export-dynamic] ==> ignore
    arg [-dynamic-linker] ==> ignore
    arg [/lib64/ld-linux-x86-64.so.2] ==> ignore
    arg [-pie] ==> ignore
    arg [-o] ==> ignore
    arg [cmTC_18d05] ==> ignore
    arg [/home/cmo/miniconda3/envs/trident/bin/../x86_64-conda-linux-gnu/sysroot/usr/lib/../lib/Scrt1.o] ==> obj [/home/cmo/miniconda3/envs/trident/bin/../x86_64-conda-linux-gnu/sysroot/usr/lib/../lib/Scrt1.o]
    arg [/home/cmo/miniconda3/envs/trident/bin/../x86_64-conda-linux-gnu/sysroot/usr/lib/../lib/crti.o] ==> obj [/home/cmo/miniconda3/envs/trident/bin/../x86_64-conda-linux-gnu/sysroot/usr/lib/../lib/crti.o]
    arg [/home/cmo/miniconda3/envs/trident/bin/../lib/gcc/x86_64-conda-linux-gnu/9.4.0/crtbeginS.o] ==> obj [/home/cmo/miniconda3/envs/trident/bin/../lib/gcc/x86_64-conda-linux-gnu/9.4.0/crtbeginS.o]
    arg [-L/home/cmo/miniconda3/envs/trident/lib] ==> dir [/home/cmo/miniconda3/envs/trident/lib]
    arg [-L/home/cmo/miniconda3/envs/trident/bin/../lib/gcc/x86_64-conda-linux-gnu/9.4.0] ==> dir [/home/cmo/miniconda3/envs/trident/bin/../lib/gcc/x86_64-conda-linux-gnu/9.4.0]
    arg [-L/home/cmo/miniconda3/envs/trident/bin/../lib/gcc] ==> dir [/home/cmo/miniconda3/envs/trident/bin/../lib/gcc]
    arg [-L/home/cmo/miniconda3/envs/trident/bin/../lib/gcc/x86_64-conda-linux-gnu/9.4.0/../../../../x86_64-conda-linux-gnu/lib/../lib] ==> dir [/home/cmo/miniconda3/envs/trident/bin/../lib/gcc/x86_64-conda-linux-gnu/9.4.0/../../../../x86_64-conda-linux-gnu/lib/../lib]
    arg [-L/home/cmo/miniconda3/envs/trident/bin/../lib/gcc/x86_64-conda-linux-gnu/9.4.0/../../../../lib] ==> dir [/home/cmo/miniconda3/envs/trident/bin/../lib/gcc/x86_64-conda-linux-gnu/9.4.0/../../../../lib]
    arg [-L/home/cmo/miniconda3/envs/trident/bin/../x86_64-conda-linux-gnu/sysroot/lib/../lib] ==> dir [/home/cmo/miniconda3/envs/trident/bin/../x86_64-conda-linux-gnu/sysroot/lib/../lib]
    arg [-L/home/cmo/miniconda3/envs/trident/bin/../x86_64-conda-linux-gnu/sysroot/usr/lib/../lib] ==> dir [/home/cmo/miniconda3/envs/trident/bin/../x86_64-conda-linux-gnu/sysroot/usr/lib/../lib]
    arg [-L/home/cmo/miniconda3/envs/trident/bin/../lib/gcc/x86_64-conda-linux-gnu/9.4.0/../../../../x86_64-conda-linux-gnu/lib] ==> dir [/home/cmo/miniconda3/envs/trident/bin/../lib/gcc/x86_64-conda-linux-gnu/9.4.0/../../../../x86_64-conda-linux-gnu/lib]
    arg [-L/home/cmo/miniconda3/envs/trident/bin/../lib/gcc/x86_64-conda-linux-gnu/9.4.0/../../..] ==> dir [/home/cmo/miniconda3/envs/trident/bin/../lib/gcc/x86_64-conda-linux-gnu/9.4.0/../../..]
    arg [-L/home/cmo/miniconda3/envs/trident/bin/../x86_64-conda-linux-gnu/sysroot/lib] ==> dir [/home/cmo/miniconda3/envs/trident/bin/../x86_64-conda-linux-gnu/sysroot/lib]
    arg [-L/home/cmo/miniconda3/envs/trident/bin/../x86_64-conda-linux-gnu/sysroot/usr/lib] ==> dir [/home/cmo/miniconda3/envs/trident/bin/../x86_64-conda-linux-gnu/sysroot/usr/lib]
    arg [-O2] ==> ignore
    arg [--sort-common] ==> ignore
    arg [--as-needed] ==> ignore
    arg [-zrelro] ==> ignore
    arg [-znow] ==> ignore
    arg [--disable-new-dtags] ==> ignore
    arg [--gc-sections] ==> ignore
    arg [-rpath] ==> ignore
    arg [/home/cmo/miniconda3/envs/trident/lib] ==> ignore
    arg [-rpath-link] ==> ignore
    arg [/home/cmo/miniconda3/envs/trident/lib] ==> ignore
    arg [CMakeFiles/cmTC_18d05.dir/CMakeCCompilerABI.c.o] ==> ignore
    arg [-lgcc] ==> lib [gcc]
    arg [--push-state] ==> ignore
    arg [--as-needed] ==> ignore
    arg [-lgcc_s] ==> lib [gcc_s]
    arg [--pop-state] ==> ignore
    arg [-lc] ==> lib [c]
    arg [-lgcc] ==> lib [gcc]
    arg [--push-state] ==> ignore
    arg [--as-needed] ==> ignore
    arg [-lgcc_s] ==> lib [gcc_s]
    arg [--pop-state] ==> ignore
    arg [/home/cmo/miniconda3/envs/trident/bin/../lib/gcc/x86_64-conda-linux-gnu/9.4.0/crtendS.o] ==> obj [/home/cmo/miniconda3/envs/trident/bin/../lib/gcc/x86_64-conda-linux-gnu/9.4.0/crtendS.o]
    arg [/home/cmo/miniconda3/envs/trident/bin/../x86_64-conda-linux-gnu/sysroot/usr/lib/../lib/crtn.o] ==> obj [/home/cmo/miniconda3/envs/trident/bin/../x86_64-conda-linux-gnu/sysroot/usr/lib/../lib/crtn.o]
    arg [-rpath] ==> ignore
    arg [/home/cmo/miniconda3/envs/trident/lib] ==> ignore
  collapse obj [/home/cmo/miniconda3/envs/trident/bin/../x86_64-conda-linux-gnu/sysroot/usr/lib/../lib/Scrt1.o] ==> [/home/cmo/miniconda3/envs/trident/x86_64-conda-linux-gnu/sysroot/usr/lib/Scrt1.o]
  collapse obj [/home/cmo/miniconda3/envs/trident/bin/../x86_64-conda-linux-gnu/sysroot/usr/lib/../lib/crti.o] ==> [/home/cmo/miniconda3/envs/trident/x86_64-conda-linux-gnu/sysroot/usr/lib/crti.o]
  collapse obj [/home/cmo/miniconda3/envs/trident/bin/../lib/gcc/x86_64-conda-linux-gnu/9.4.0/crtbeginS.o] ==> [/home/cmo/miniconda3/envs/trident/lib/gcc/x86_64-conda-linux-gnu/9.4.0/crtbeginS.o]
  collapse obj [/home/cmo/miniconda3/envs/trident/bin/../lib/gcc/x86_64-conda-linux-gnu/9.4.0/crtendS.o] ==> [/home/cmo/miniconda3/envs/trident/lib/gcc/x86_64-conda-linux-gnu/9.4.0/crtendS.o]
  collapse obj [/home/cmo/miniconda3/envs/trident/bin/../x86_64-conda-linux-gnu/sysroot/usr/lib/../lib/crtn.o] ==> [/home/cmo/miniconda3/envs/trident/x86_64-conda-linux-gnu/sysroot/usr/lib/crtn.o]
  collapse library dir [/home/cmo/miniconda3/envs/trident/lib] ==> [/home/cmo/miniconda3/envs/trident/lib]
  collapse library dir [/home/cmo/miniconda3/envs/trident/bin/../lib/gcc/x86_64-conda-linux-gnu/9.4.0] ==> [/home/cmo/miniconda3/envs/trident/lib/gcc/x86_64-conda-linux-gnu/9.4.0]
  collapse library dir [/home/cmo/miniconda3/envs/trident/bin/../lib/gcc] ==> [/home/cmo/miniconda3/envs/trident/lib/gcc]
  collapse library dir [/home/cmo/miniconda3/envs/trident/bin/../lib/gcc/x86_64-conda-linux-gnu/9.4.0/../../../../x86_64-conda-linux-gnu/lib/../lib] ==> [/home/cmo/miniconda3/envs/trident/x86_64-conda-linux-gnu/lib]
  collapse library dir [/home/cmo/miniconda3/envs/trident/bin/../lib/gcc/x86_64-conda-linux-gnu/9.4.0/../../../../lib] ==> [/home/cmo/miniconda3/envs/trident/lib]
  collapse library dir [/home/cmo/miniconda3/envs/trident/bin/../x86_64-conda-linux-gnu/sysroot/lib/../lib] ==> [/home/cmo/miniconda3/envs/trident/x86_64-conda-linux-gnu/sysroot/lib]
  collapse library dir [/home/cmo/miniconda3/envs/trident/bin/../x86_64-conda-linux-gnu/sysroot/usr/lib/../lib] ==> [/home/cmo/miniconda3/envs/trident/x86_64-conda-linux-gnu/sysroot/usr/lib]
  collapse library dir [/home/cmo/miniconda3/envs/trident/bin/../lib/gcc/x86_64-conda-linux-gnu/9.4.0/../../../../x86_64-conda-linux-gnu/lib] ==> [/home/cmo/miniconda3/envs/trident/x86_64-conda-linux-gnu/lib]
  collapse library dir [/home/cmo/miniconda3/envs/trident/bin/../lib/gcc/x86_64-conda-linux-gnu/9.4.0/../../..] ==> [/home/cmo/miniconda3/envs/trident/lib]
  collapse library dir [/home/cmo/miniconda3/envs/trident/bin/../x86_64-conda-linux-gnu/sysroot/lib] ==> [/home/cmo/miniconda3/envs/trident/x86_64-conda-linux-gnu/sysroot/lib]
  collapse library dir [/home/cmo/miniconda3/envs/trident/bin/../x86_64-conda-linux-gnu/sysroot/usr/lib] ==> [/home/cmo/miniconda3/envs/trident/x86_64-conda-linux-gnu/sysroot/usr/lib]
  implicit libs: [gcc;gcc_s;c;gcc;gcc_s]
  implicit objs: [/home/cmo/miniconda3/envs/trident/x86_64-conda-linux-gnu/sysroot/usr/lib/Scrt1.o;/home/cmo/miniconda3/envs/trident/x86_64-conda-linux-gnu/sysroot/usr/lib/crti.o;/home/cmo/miniconda3/envs/trident/lib/gcc/x86_64-conda-linux-gnu/9.4.0/crtbeginS.o;/home/cmo/miniconda3/envs/trident/lib/gcc/x86_64-conda-linux-gnu/9.4.0/crtendS.o;/home/cmo/miniconda3/envs/trident/x86_64-conda-linux-gnu/sysroot/usr/lib/crtn.o]
  implicit dirs: [/home/cmo/miniconda3/envs/trident/lib;/home/cmo/miniconda3/envs/trident/lib/gcc/x86_64-conda-linux-gnu/9.4.0;/home/cmo/miniconda3/envs/trident/lib/gcc;/home/cmo/miniconda3/envs/trident/x86_64-conda-linux-gnu/lib;/home/cmo/miniconda3/envs/trident/x86_64-conda-linux-gnu/sysroot/lib;/home/cmo/miniconda3/envs/trident/x86_64-conda-linux-gnu/sysroot/usr/lib]
  implicit fwks: []


Detecting CXX compiler ABI info compiled with the following output:
Change Dir: /home/cmo/jb_dataspell/g4basic/B1/build_withseed/CMakeFiles/CMakeTmp

Run Build Command(s):/usr/bin/gmake -f Makefile cmTC_f8a54/fast && /usr/bin/gmake  -f CMakeFiles/cmTC_f8a54.dir/build.make CMakeFiles/cmTC_f8a54.dir/build
gmake[1]: Entering directory '/home/cmo/jb_dataspell/g4basic/B1/build_withseed/CMakeFiles/CMakeTmp'
Building CXX object CMakeFiles/cmTC_f8a54.dir/CMakeCXXCompilerABI.cpp.o
/home/cmo/miniconda3/envs/trident/bin/x86_64-conda-linux-gnu-c++   -fvisibility-inlines-hidden -std=c++17 -fmessage-length=0 -march=nocona -mtune=haswell -ftree-vectorize -fPIC -fstack-protector-strong -fno-plt -O2 -ffunction-sections -pipe -isystem /home/cmo/miniconda3/envs/trident/include    -v -o CMakeFiles/cmTC_f8a54.dir/CMakeCXXCompilerABI.cpp.o -c /home/cmo/miniconda3/envs/trident/share/cmake-3.21/Modules/CMakeCXXCompilerABI.cpp
Reading specs from /home/cmo/miniconda3/envs/trident/bin/../lib/gcc/x86_64-conda-linux-gnu/9.4.0/specs
COLLECT_GCC=/home/cmo/miniconda3/envs/trident/bin/x86_64-conda-linux-gnu-c++
Target: x86_64-conda-linux-gnu
Configured with: ../configure --prefix=/home/conda/feedstock_root/build_artifacts/gcc_compilers_1634095554843/_h_env_placehold_placehold_placehold_placehold_placehold_placehold_placehold_placehold_placehold_placehold_placehold_placehold_placehold_placehold_placehold_placehold_placehold_placeho --with-slibdir=/home/conda/feedstock_root/build_artifacts/gcc_compilers_1634095554843/_h_env_placehold_placehold_placehold_placehold_placehold_placehold_placehold_placehold_placehold_placehold_placehold_placehold_placehold_placehold_placehold_placehold_placehold_placeho/lib --libdir=/home/conda/feedstock_root/build_artifacts/gcc_compilers_1634095554843/_h_env_placehold_placehold_placehold_placehold_placehold_placehold_placehold_placehold_placehold_placehold_placehold_placehold_placehold_placehold_placehold_placehold_placehold_placeho/lib --build=x86_64-conda-linux-gnu --host=x86_64-conda-linux-gnu --target=x86_64-conda-linux-gnu --enable-default-pie --enable-languages=c,c++,fortran,objc,obj-c++ --enable-__cxa_atexit --disable-libmudflap --enable-libgomp --disable-libssp --enable-libquadmath --enable-libquadmath-support --enable-libsanitizer --enable-lto --enable-threads=posix --enable-target-optspace --enable-plugin --enable-gold --disable-nls --disable-bootstrap --disable-multilib --enable-long-long --enable-default-pie --with-sysroot=/home/conda/feedstock_root/build_artifacts/gcc_compilers_1634095554843/_h_env_placehold_placehold_placehold_placehold_placehold_placehold_placehold_placehold_placehold_placehold_placehold_placehold_placehold_placehold_placehold_placehold_placehold_placeho/x86_64-conda-linux-gnu/sysroot --with-build-sysroot=/home/conda/feedstock_root/build_artifacts/gcc_compilers_1634095554843/_build_env/x86_64-conda-linux-gnu/sysroot --with-gxx-include-dir=/home/conda/feedstock_root/build_artifacts/gcc_compilers_1634095554843/_h_env_placehold_placehold_placehold_placehold_placehold_placehold_placehold_placehold_placehold_placehold_placehold_placehold_placehold_placehold_placehold_placehold_placehold_placeho/x86_64-conda-linux-gnu/include/c++/9.4.0
Thread model: posix
gcc version 9.4.0 (GCC) 
COLLECT_GCC_OPTIONS='-fvisibility-inlines-hidden' '-std=c++17' '-fmessage-length=0' '-march=nocona' '-mtune=haswell' '-ftree-vectorize' '-fPIC' '-fstack-protector-strong' '-fno-plt' '-O2' '-ffunction-sections' '-pipe' '-isystem' '/home/cmo/miniconda3/envs/trident/include' '-v' '-o' 'CMakeFiles/cmTC_f8a54.dir/CMakeCXXCompilerABI.cpp.o' '-c' '-shared-libgcc'
 /home/cmo/miniconda3/envs/trident/bin/../libexec/gcc/x86_64-conda-linux-gnu/9.4.0/cc1plus -quiet -v -iprefix /home/cmo/miniconda3/envs/trident/bin/../lib/gcc/x86_64-conda-linux-gnu/9.4.0/ -isysroot /home/cmo/miniconda3/envs/trident/bin/../x86_64-conda-linux-gnu/sysroot -D_GNU_SOURCE -isystem /home/cmo/miniconda3/envs/trident/include /home/cmo/miniconda3/envs/trident/share/cmake-3.21/Modules/CMakeCXXCompilerABI.cpp -quiet -dumpbase CMakeCXXCompilerABI.cpp -march=nocona -mtune=haswell -auxbase-strip CMakeFiles/cmTC_f8a54.dir/CMakeCXXCompilerABI.cpp.o -O2 -std=c++17 -version -fvisibility-inlines-hidden -fmessage-length=0 -ftree-vectorize -fPIC -fstack-protector-strong -fno-plt -ffunction-sections -o - |
 /home/cmo/miniconda3/envs/trident/bin/../lib/gcc/x86_64-conda-linux-gnu/9.4.0/../../../../x86_64-conda-linux-gnu/bin/as -v --64 -o CMakeFiles/cmTC_f8a54.dir/CMakeCXXCompilerABI.cpp.o
GNU assembler version 2.36.1 (x86_64-conda-linux-gnu) using BFD version (GNU Binutils) 2.36.1
GNU C++17 (GCC) version 9.4.0 (x86_64-conda-linux-gnu)
	compiled by GNU C version 9.4.0, GMP version 6.1.0, MPFR version 3.1.4, MPC version 1.0.3, isl version isl-0.18-GMP

GGC heuristics: --param ggc-min-expand=100 --param ggc-min-heapsize=131072
ignoring duplicate directory "/home/cmo/miniconda3/envs/trident/bin/../lib/gcc/../../lib/gcc/x86_64-conda-linux-gnu/9.4.0/include"
ignoring nonexistent directory "/home/cmo/miniconda3/envs/trident/bin/../x86_64-conda-linux-gnu/sysroot/usr/local/include"
ignoring duplicate directory "/home/cmo/miniconda3/envs/trident/bin/../lib/gcc/../../lib/gcc/x86_64-conda-linux-gnu/9.4.0/include-fixed"
ignoring duplicate directory "/home/cmo/miniconda3/envs/trident/bin/../lib/gcc/../../lib/gcc/x86_64-conda-linux-gnu/9.4.0/../../../../x86_64-conda-linux-gnu/include"
#include "..." search starts here:
#include <...> search starts here:
 /home/cmo/miniconda3/envs/trident/include
 /home/cmo/packages/nlohmann/json/include/
 .
 /home/cmo/miniconda3/envs/trident/bin/../lib/gcc/x86_64-conda-linux-gnu/9.4.0/include
 /home/cmo/miniconda3/envs/trident/bin/../lib/gcc/x86_64-conda-linux-gnu/9.4.0/include-fixed
 /home/cmo/miniconda3/envs/trident/bin/../lib/gcc/x86_64-conda-linux-gnu/9.4.0/../../../../x86_64-conda-linux-gnu/include
 /home/cmo/miniconda3/envs/trident/bin/../lib/gcc/../../x86_64-conda-linux-gnu/include/c++/9.4.0
 /home/cmo/miniconda3/envs/trident/bin/../lib/gcc/../../x86_64-conda-linux-gnu/include/c++/9.4.0/x86_64-conda-linux-gnu
 /home/cmo/miniconda3/envs/trident/bin/../lib/gcc/../../x86_64-conda-linux-gnu/include/c++/9.4.0/backward
 /home/cmo/miniconda3/envs/trident/bin/../x86_64-conda-linux-gnu/sysroot/usr/include
End of search list.
GNU C++17 (GCC) version 9.4.0 (x86_64-conda-linux-gnu)
	compiled by GNU C version 9.4.0, GMP version 6.1.0, MPFR version 3.1.4, MPC version 1.0.3, isl version isl-0.18-GMP

GGC heuristics: --param ggc-min-expand=100 --param ggc-min-heapsize=131072
Compiler executable checksum: 450d352db2c8843336545535add284ec
COMPILER_PATH=/home/cmo/miniconda3/envs/trident/bin/../libexec/gcc/x86_64-conda-linux-gnu/9.4.0/:/home/cmo/miniconda3/envs/trident/bin/../libexec/gcc/:/home/cmo/miniconda3/envs/trident/bin/../lib/gcc/x86_64-conda-linux-gnu/9.4.0/../../../../x86_64-conda-linux-gnu/bin/
LIBRARY_PATH=/home/cmo/miniconda3/envs/trident/bin/../lib/gcc/x86_64-conda-linux-gnu/9.4.0/:/home/cmo/miniconda3/envs/trident/bin/../lib/gcc/:/home/cmo/miniconda3/envs/trident/bin/../lib/gcc/x86_64-conda-linux-gnu/9.4.0/../../../../x86_64-conda-linux-gnu/lib/../lib/:/home/cmo/miniconda3/envs/trident/bin/../lib/gcc/x86_64-conda-linux-gnu/9.4.0/../../../../lib/:/home/cmo/miniconda3/envs/trident/bin/../x86_64-conda-linux-gnu/sysroot/lib/../lib/:/home/cmo/miniconda3/envs/trident/bin/../x86_64-conda-linux-gnu/sysroot/usr/lib/../lib/:/home/cmo/miniconda3/envs/trident/bin/../lib/gcc/x86_64-conda-linux-gnu/9.4.0/../../../../x86_64-conda-linux-gnu/lib/:/home/cmo/miniconda3/envs/trident/bin/../lib/gcc/x86_64-conda-linux-gnu/9.4.0/../../../:/home/cmo/miniconda3/envs/trident/bin/../x86_64-conda-linux-gnu/sysroot/lib/:/home/cmo/miniconda3/envs/trident/bin/../x86_64-conda-linux-gnu/sysroot/usr/lib/
COLLECT_GCC_OPTIONS='-fvisibility-inlines-hidden' '-std=c++17' '-fmessage-length=0' '-march=nocona' '-mtune=haswell' '-ftree-vectorize' '-fPIC' '-fstack-protector-strong' '-fno-plt' '-O2' '-ffunction-sections' '-pipe' '-isystem' '/home/cmo/miniconda3/envs/trident/include' '-v' '-o' 'CMakeFiles/cmTC_f8a54.dir/CMakeCXXCompilerABI.cpp.o' '-c' '-shared-libgcc'
Linking CXX executable cmTC_f8a54
/home/cmo/miniconda3/envs/trident/bin/cmake -E cmake_link_script CMakeFiles/cmTC_f8a54.dir/link.txt --verbose=1
/home/cmo/miniconda3/envs/trident/bin/x86_64-conda-linux-gnu-c++ -fvisibility-inlines-hidden -std=c++17 -fmessage-length=0 -march=nocona -mtune=haswell -ftree-vectorize -fPIC -fstack-protector-strong -fno-plt -O2 -ffunction-sections -pipe -isystem /home/cmo/miniconda3/envs/trident/include  -Wl,-O2 -Wl,--sort-common -Wl,--as-needed -Wl,-z,relro -Wl,-z,now -Wl,--disable-new-dtags -Wl,--gc-sections -Wl,-rpath,/home/cmo/miniconda3/envs/trident/lib -Wl,-rpath-link,/home/cmo/miniconda3/envs/trident/lib -L/home/cmo/miniconda3/envs/trident/lib -v -rdynamic CMakeFiles/cmTC_f8a54.dir/CMakeCXXCompilerABI.cpp.o -o cmTC_f8a54 
Reading specs from /home/cmo/miniconda3/envs/trident/bin/../lib/gcc/x86_64-conda-linux-gnu/9.4.0/specs
COLLECT_GCC=/home/cmo/miniconda3/envs/trident/bin/x86_64-conda-linux-gnu-c++
COLLECT_LTO_WRAPPER=/home/cmo/miniconda3/envs/trident/bin/../libexec/gcc/x86_64-conda-linux-gnu/9.4.0/lto-wrapper
Target: x86_64-conda-linux-gnu
Configured with: ../configure --prefix=/home/conda/feedstock_root/build_artifacts/gcc_compilers_1634095554843/_h_env_placehold_placehold_placehold_placehold_placehold_placehold_placehold_placehold_placehold_placehold_placehold_placehold_placehold_placehold_placehold_placehold_placehold_placeho --with-slibdir=/home/conda/feedstock_root/build_artifacts/gcc_compilers_1634095554843/_h_env_placehold_placehold_placehold_placehold_placehold_placehold_placehold_placehold_placehold_placehold_placehold_placehold_placehold_placehold_placehold_placehold_placehold_placeho/lib --libdir=/home/conda/feedstock_root/build_artifacts/gcc_compilers_1634095554843/_h_env_placehold_placehold_placehold_placehold_placehold_placehold_placehold_placehold_placehold_placehold_placehold_placehold_placehold_placehold_placehold_placehold_placehold_placeho/lib --build=x86_64-conda-linux-gnu --host=x86_64-conda-linux-gnu --target=x86_64-conda-linux-gnu --enable-default-pie --enable-languages=c,c++,fortran,objc,obj-c++ --enable-__cxa_atexit --disable-libmudflap --enable-libgomp --disable-libssp --enable-libquadmath --enable-libquadmath-support --enable-libsanitizer --enable-lto --enable-threads=posix --enable-target-optspace --enable-plugin --enable-gold --disable-nls --disable-bootstrap --disable-multilib --enable-long-long --enable-default-pie --with-sysroot=/home/conda/feedstock_root/build_artifacts/gcc_compilers_1634095554843/_h_env_placehold_placehold_placehold_placehold_placehold_placehold_placehold_placehold_placehold_placehold_placehold_placehold_placehold_placehold_placehold_placehold_placehold_placeho/x86_64-conda-linux-gnu/sysroot --with-build-sysroot=/home/conda/feedstock_root/build_artifacts/gcc_compilers_1634095554843/_build_env/x86_64-conda-linux-gnu/sysroot --with-gxx-include-dir=/home/conda/feedstock_root/build_artifacts/gcc_compilers_1634095554843/_h_env_placehold_placehold_placehold_placehold_placehold_placehold_placehold_placehold_placehold_placehold_placehold_placehold_placehold_placehold_placehold_placehold_placehold_placeho/x86_64-conda-linux-gnu/include/c++/9.4.0
Thread model: posix
gcc version 9.4.0 (GCC) 
COMPILER_PATH=/home/cmo/miniconda3/envs/trident/bin/../libexec/gcc/x86_64-conda-linux-gnu/9.4.0/:/home/cmo/miniconda3/envs/trident/bin/../libexec/gcc/:/home/cmo/miniconda3/envs/trident/bin/../lib/gcc/x86_64-conda-linux-gnu/9.4.0/../../../../x86_64-conda-linux-gnu/bin/
LIBRARY_PATH=/home/cmo/miniconda3/envs/trident/bin/../lib/gcc/x86_64-conda-linux-gnu/9.4.0/:/home/cmo/miniconda3/envs/trident/bin/../lib/gcc/:/home/cmo/miniconda3/envs/trident/bin/../lib/gcc/x86_64-conda-linux-gnu/9.4.0/../../../../x86_64-conda-linux-gnu/lib/../lib/:/home/cmo/miniconda3/envs/trident/bin/../lib/gcc/x86_64-conda-linux-gnu/9.4.0/../../../../lib/:/home/cmo/miniconda3/envs/trident/bin/../x86_64-conda-linux-gnu/sysroot/lib/../lib/:/home/cmo/miniconda3/envs/trident/bin/../x86_64-conda-linux-gnu/sysroot/usr/lib/../lib/:/home/cmo/miniconda3/envs/trident/bin/../lib/gcc/x86_64-conda-linux-gnu/9.4.0/../../../../x86_64-conda-linux-gnu/lib/:/home/cmo/miniconda3/envs/trident/bin/../lib/gcc/x86_64-conda-linux-gnu/9.4.0/../../../:/home/cmo/miniconda3/envs/trident/bin/../x86_64-conda-linux-gnu/sysroot/lib/:/home/cmo/miniconda3/envs/trident/bin/../x86_64-conda-linux-gnu/sysroot/usr/lib/
COLLECT_GCC_OPTIONS='-fvisibility-inlines-hidden' '-std=c++17' '-fmessage-length=0' '-march=nocona' '-mtune=haswell' '-ftree-vectorize' '-fPIC' '-fstack-protector-strong' '-fno-plt' '-O2' '-ffunction-sections' '-pipe' '-isystem' '/home/cmo/miniconda3/envs/trident/include' '-L/home/cmo/miniconda3/envs/trident/lib' '-v' '-rdynamic' '-o' 'cmTC_f8a54' '-shared-libgcc'
 /home/cmo/miniconda3/envs/trident/bin/../libexec/gcc/x86_64-conda-linux-gnu/9.4.0/collect2 -plugin /home/cmo/miniconda3/envs/trident/bin/../libexec/gcc/x86_64-conda-linux-gnu/9.4.0/liblto_plugin.so -plugin-opt=/home/cmo/miniconda3/envs/trident/bin/../libexec/gcc/x86_64-conda-linux-gnu/9.4.0/lto-wrapper -plugin-opt=-fresolution=/tmp/ccoSkZJC.res -plugin-opt=-pass-through=-lgcc_s -plugin-opt=-pass-through=-lgcc -plugin-opt=-pass-through=-lc -plugin-opt=-pass-through=-lgcc_s -plugin-opt=-pass-through=-lgcc --sysroot=/home/cmo/miniconda3/envs/trident/bin/../x86_64-conda-linux-gnu/sysroot --eh-frame-hdr -m elf_x86_64 -export-dynamic -dynamic-linker /lib64/ld-linux-x86-64.so.2 -pie -o cmTC_f8a54 /home/cmo/miniconda3/envs/trident/bin/../x86_64-conda-linux-gnu/sysroot/usr/lib/../lib/Scrt1.o /home/cmo/miniconda3/envs/trident/bin/../x86_64-conda-linux-gnu/sysroot/usr/lib/../lib/crti.o /home/cmo/miniconda3/envs/trident/bin/../lib/gcc/x86_64-conda-linux-gnu/9.4.0/crtbeginS.o -L/home/cmo/miniconda3/envs/trident/lib -L/home/cmo/miniconda3/envs/trident/bin/../lib/gcc/x86_64-conda-linux-gnu/9.4.0 -L/home/cmo/miniconda3/envs/trident/bin/../lib/gcc -L/home/cmo/miniconda3/envs/trident/bin/../lib/gcc/x86_64-conda-linux-gnu/9.4.0/../../../../x86_64-conda-linux-gnu/lib/../lib -L/home/cmo/miniconda3/envs/trident/bin/../lib/gcc/x86_64-conda-linux-gnu/9.4.0/../../../../lib -L/home/cmo/miniconda3/envs/trident/bin/../x86_64-conda-linux-gnu/sysroot/lib/../lib -L/home/cmo/miniconda3/envs/trident/bin/../x86_64-conda-linux-gnu/sysroot/usr/lib/../lib -L/home/cmo/miniconda3/envs/trident/bin/../lib/gcc/x86_64-conda-linux-gnu/9.4.0/../../../../x86_64-conda-linux-gnu/lib -L/home/cmo/miniconda3/envs/trident/bin/../lib/gcc/x86_64-conda-linux-gnu/9.4.0/../../.. -L/home/cmo/miniconda3/envs/trident/bin/../x86_64-conda-linux-gnu/sysroot/lib -L/home/cmo/miniconda3/envs/trident/bin/../x86_64-conda-linux-gnu/sysroot/usr/lib -O2 --sort-common --as-needed -z relro -z now --disable-new-dtags --gc-sections -rpath /home/cmo/miniconda3/envs/trident/lib -rpath-link /home/cmo/miniconda3/envs/trident/lib CMakeFiles/cmTC_f8a54.dir/CMakeCXXCompilerABI.cpp.o -lstdc++ -lm -lgcc_s -lgcc -lc -lgcc_s -lgcc /home/cmo/miniconda3/envs/trident/bin/../lib/gcc/x86_64-conda-linux-gnu/9.4.0/crtendS.o /home/cmo/miniconda3/envs/trident/bin/../x86_64-conda-linux-gnu/sysroot/usr/lib/../lib/crtn.o -rpath /home/cmo/miniconda3/envs/trident/lib
COLLECT_GCC_OPTIONS='-fvisibility-inlines-hidden' '-std=c++17' '-fmessage-length=0' '-march=nocona' '-mtune=haswell' '-ftree-vectorize' '-fPIC' '-fstack-protector-strong' '-fno-plt' '-O2' '-ffunction-sections' '-pipe' '-isystem' '/home/cmo/miniconda3/envs/trident/include' '-L/home/cmo/miniconda3/envs/trident/lib' '-v' '-rdynamic' '-o' 'cmTC_f8a54' '-shared-libgcc'
gmake[1]: Leaving directory '/home/cmo/jb_dataspell/g4basic/B1/build_withseed/CMakeFiles/CMakeTmp'



Parsed CXX implicit include dir info from above output: rv=done
  found start of include info
  found start of implicit include info
    add: [/home/cmo/miniconda3/envs/trident/include]
    add: [/home/cmo/packages/nlohmann/json/include/]
    add: [.]
    add: [/home/cmo/miniconda3/envs/trident/bin/../lib/gcc/x86_64-conda-linux-gnu/9.4.0/include]
    add: [/home/cmo/miniconda3/envs/trident/bin/../lib/gcc/x86_64-conda-linux-gnu/9.4.0/include-fixed]
    add: [/home/cmo/miniconda3/envs/trident/bin/../lib/gcc/x86_64-conda-linux-gnu/9.4.0/../../../../x86_64-conda-linux-gnu/include]
    add: [/home/cmo/miniconda3/envs/trident/bin/../lib/gcc/../../x86_64-conda-linux-gnu/include/c++/9.4.0]
    add: [/home/cmo/miniconda3/envs/trident/bin/../lib/gcc/../../x86_64-conda-linux-gnu/include/c++/9.4.0/x86_64-conda-linux-gnu]
    add: [/home/cmo/miniconda3/envs/trident/bin/../lib/gcc/../../x86_64-conda-linux-gnu/include/c++/9.4.0/backward]
    add: [/home/cmo/miniconda3/envs/trident/bin/../x86_64-conda-linux-gnu/sysroot/usr/include]
  end of search list found
  collapse include dir [/home/cmo/miniconda3/envs/trident/include] ==> [/home/cmo/miniconda3/envs/trident/include]
  collapse include dir [/home/cmo/packages/nlohmann/json/include/] ==> [/home/cmo/packages/nlohmann/json/include]
  skipping relative include dir [.]
  collapse include dir [/home/cmo/miniconda3/envs/trident/bin/../lib/gcc/x86_64-conda-linux-gnu/9.4.0/include] ==> [/home/cmo/miniconda3/envs/trident/lib/gcc/x86_64-conda-linux-gnu/9.4.0/include]
  collapse include dir [/home/cmo/miniconda3/envs/trident/bin/../lib/gcc/x86_64-conda-linux-gnu/9.4.0/include-fixed] ==> [/home/cmo/miniconda3/envs/trident/lib/gcc/x86_64-conda-linux-gnu/9.4.0/include-fixed]
  collapse include dir [/home/cmo/miniconda3/envs/trident/bin/../lib/gcc/x86_64-conda-linux-gnu/9.4.0/../../../../x86_64-conda-linux-gnu/include] ==> [/home/cmo/miniconda3/envs/trident/x86_64-conda-linux-gnu/include]
  collapse include dir [/home/cmo/miniconda3/envs/trident/bin/../lib/gcc/../../x86_64-conda-linux-gnu/include/c++/9.4.0] ==> [/home/cmo/miniconda3/envs/trident/x86_64-conda-linux-gnu/include/c++/9.4.0]
  collapse include dir [/home/cmo/miniconda3/envs/trident/bin/../lib/gcc/../../x86_64-conda-linux-gnu/include/c++/9.4.0/x86_64-conda-linux-gnu] ==> [/home/cmo/miniconda3/envs/trident/x86_64-conda-linux-gnu/include/c++/9.4.0/x86_64-conda-linux-gnu]
  collapse include dir [/home/cmo/miniconda3/envs/trident/bin/../lib/gcc/../../x86_64-conda-linux-gnu/include/c++/9.4.0/backward] ==> [/home/cmo/miniconda3/envs/trident/x86_64-conda-linux-gnu/include/c++/9.4.0/backward]
  collapse include dir [/home/cmo/miniconda3/envs/trident/bin/../x86_64-conda-linux-gnu/sysroot/usr/include] ==> [/home/cmo/miniconda3/envs/trident/x86_64-conda-linux-gnu/sysroot/usr/include]
  implicit include dirs: [/home/cmo/miniconda3/envs/trident/include;/home/cmo/packages/nlohmann/json/include;/home/cmo/miniconda3/envs/trident/lib/gcc/x86_64-conda-linux-gnu/9.4.0/include;/home/cmo/miniconda3/envs/trident/lib/gcc/x86_64-conda-linux-gnu/9.4.0/include-fixed;/home/cmo/miniconda3/envs/trident/x86_64-conda-linux-gnu/include;/home/cmo/miniconda3/envs/trident/x86_64-conda-linux-gnu/include/c++/9.4.0;/home/cmo/miniconda3/envs/trident/x86_64-conda-linux-gnu/include/c++/9.4.0/x86_64-conda-linux-gnu;/home/cmo/miniconda3/envs/trident/x86_64-conda-linux-gnu/include/c++/9.4.0/backward;/home/cmo/miniconda3/envs/trident/x86_64-conda-linux-gnu/sysroot/usr/include]


Parsed CXX implicit link information from above output:
  link line regex: [^( *|.*[/\])(x86_64-conda-linux-gnu-ld|CMAKE_LINK_STARTFILE-NOTFOUND|([^/\]+-)?ld|collect2)[^/\]*( |$)]
  ignore line: [Change Dir: /home/cmo/jb_dataspell/g4basic/B1/build_withseed/CMakeFiles/CMakeTmp]
  ignore line: []
  ignore line: [Run Build Command(s):/usr/bin/gmake -f Makefile cmTC_f8a54/fast && /usr/bin/gmake  -f CMakeFiles/cmTC_f8a54.dir/build.make CMakeFiles/cmTC_f8a54.dir/build]
  ignore line: [gmake[1]: Entering directory '/home/cmo/jb_dataspell/g4basic/B1/build_withseed/CMakeFiles/CMakeTmp']
  ignore line: [Building CXX object CMakeFiles/cmTC_f8a54.dir/CMakeCXXCompilerABI.cpp.o]
  ignore line: [/home/cmo/miniconda3/envs/trident/bin/x86_64-conda-linux-gnu-c++   -fvisibility-inlines-hidden -std=c++17 -fmessage-length=0 -march=nocona -mtune=haswell -ftree-vectorize -fPIC -fstack-protector-strong -fno-plt -O2 -ffunction-sections -pipe -isystem /home/cmo/miniconda3/envs/trident/include    -v -o CMakeFiles/cmTC_f8a54.dir/CMakeCXXCompilerABI.cpp.o -c /home/cmo/miniconda3/envs/trident/share/cmake-3.21/Modules/CMakeCXXCompilerABI.cpp]
  ignore line: [Reading specs from /home/cmo/miniconda3/envs/trident/bin/../lib/gcc/x86_64-conda-linux-gnu/9.4.0/specs]
  ignore line: [COLLECT_GCC=/home/cmo/miniconda3/envs/trident/bin/x86_64-conda-linux-gnu-c++]
  ignore line: [Target: x86_64-conda-linux-gnu]
  ignore line: [Configured with: ../configure --prefix=/home/conda/feedstock_root/build_artifacts/gcc_compilers_1634095554843/_h_env_placehold_placehold_placehold_placehold_placehold_placehold_placehold_placehold_placehold_placehold_placehold_placehold_placehold_placehold_placehold_placehold_placehold_placeho --with-slibdir=/home/conda/feedstock_root/build_artifacts/gcc_compilers_1634095554843/_h_env_placehold_placehold_placehold_placehold_placehold_placehold_placehold_placehold_placehold_placehold_placehold_placehold_placehold_placehold_placehold_placehold_placehold_placeho/lib --libdir=/home/conda/feedstock_root/build_artifacts/gcc_compilers_1634095554843/_h_env_placehold_placehold_placehold_placehold_placehold_placehold_placehold_placehold_placehold_placehold_placehold_placehold_placehold_placehold_placehold_placehold_placehold_placeho/lib --build=x86_64-conda-linux-gnu --host=x86_64-conda-linux-gnu --target=x86_64-conda-linux-gnu --enable-default-pie --enable-languages=c c++ fortran objc obj-c++ --enable-__cxa_atexit --disable-libmudflap --enable-libgomp --disable-libssp --enable-libquadmath --enable-libquadmath-support --enable-libsanitizer --enable-lto --enable-threads=posix --enable-target-optspace --enable-plugin --enable-gold --disable-nls --disable-bootstrap --disable-multilib --enable-long-long --enable-default-pie --with-sysroot=/home/conda/feedstock_root/build_artifacts/gcc_compilers_1634095554843/_h_env_placehold_placehold_placehold_placehold_placehold_placehold_placehold_placehold_placehold_placehold_placehold_placehold_placehold_placehold_placehold_placehold_placehold_placeho/x86_64-conda-linux-gnu/sysroot --with-build-sysroot=/home/conda/feedstock_root/build_artifacts/gcc_compilers_1634095554843/_build_env/x86_64-conda-linux-gnu/sysroot --with-gxx-include-dir=/home/conda/feedstock_root/build_artifacts/gcc_compilers_1634095554843/_h_env_placehold_placehold_placehold_placehold_placehold_placehold_placehold_placehold_placehold_placehold_placehold_placehold_placehold_placehold_placehold_placehold_placehold_placeho/x86_64-conda-linux-gnu/include/c++/9.4.0]
  ignore line: [Thread model: posix]
  ignore line: [gcc version 9.4.0 (GCC) ]
  ignore line: [COLLECT_GCC_OPTIONS='-fvisibility-inlines-hidden' '-std=c++17' '-fmessage-length=0' '-march=nocona' '-mtune=haswell' '-ftree-vectorize' '-fPIC' '-fstack-protector-strong' '-fno-plt' '-O2' '-ffunction-sections' '-pipe' '-isystem' '/home/cmo/miniconda3/envs/trident/include' '-v' '-o' 'CMakeFiles/cmTC_f8a54.dir/CMakeCXXCompilerABI.cpp.o' '-c' '-shared-libgcc']
  ignore line: [ /home/cmo/miniconda3/envs/trident/bin/../libexec/gcc/x86_64-conda-linux-gnu/9.4.0/cc1plus -quiet -v -iprefix /home/cmo/miniconda3/envs/trident/bin/../lib/gcc/x86_64-conda-linux-gnu/9.4.0/ -isysroot /home/cmo/miniconda3/envs/trident/bin/../x86_64-conda-linux-gnu/sysroot -D_GNU_SOURCE -isystem /home/cmo/miniconda3/envs/trident/include /home/cmo/miniconda3/envs/trident/share/cmake-3.21/Modules/CMakeCXXCompilerABI.cpp -quiet -dumpbase CMakeCXXCompilerABI.cpp -march=nocona -mtune=haswell -auxbase-strip CMakeFiles/cmTC_f8a54.dir/CMakeCXXCompilerABI.cpp.o -O2 -std=c++17 -version -fvisibility-inlines-hidden -fmessage-length=0 -ftree-vectorize -fPIC -fstack-protector-strong -fno-plt -ffunction-sections -o - |]
  ignore line: [ /home/cmo/miniconda3/envs/trident/bin/../lib/gcc/x86_64-conda-linux-gnu/9.4.0/../../../../x86_64-conda-linux-gnu/bin/as -v --64 -o CMakeFiles/cmTC_f8a54.dir/CMakeCXXCompilerABI.cpp.o]
  ignore line: [GNU assembler version 2.36.1 (x86_64-conda-linux-gnu) using BFD version (GNU Binutils) 2.36.1]
  ignore line: [GNU C++17 (GCC) version 9.4.0 (x86_64-conda-linux-gnu)]
  ignore line: [	compiled by GNU C version 9.4.0  GMP version 6.1.0  MPFR version 3.1.4  MPC version 1.0.3  isl version isl-0.18-GMP]
  ignore line: []
  ignore line: [GGC heuristics: --param ggc-min-expand=100 --param ggc-min-heapsize=131072]
  ignore line: [ignoring duplicate directory "/home/cmo/miniconda3/envs/trident/bin/../lib/gcc/../../lib/gcc/x86_64-conda-linux-gnu/9.4.0/include"]
  ignore line: [ignoring nonexistent directory "/home/cmo/miniconda3/envs/trident/bin/../x86_64-conda-linux-gnu/sysroot/usr/local/include"]
  ignore line: [ignoring duplicate directory "/home/cmo/miniconda3/envs/trident/bin/../lib/gcc/../../lib/gcc/x86_64-conda-linux-gnu/9.4.0/include-fixed"]
  ignore line: [ignoring duplicate directory "/home/cmo/miniconda3/envs/trident/bin/../lib/gcc/../../lib/gcc/x86_64-conda-linux-gnu/9.4.0/../../../../x86_64-conda-linux-gnu/include"]
  ignore line: [#include "..." search starts here:]
  ignore line: [#include <...> search starts here:]
  ignore line: [ /home/cmo/miniconda3/envs/trident/include]
  ignore line: [ /home/cmo/packages/nlohmann/json/include/]
  ignore line: [ .]
  ignore line: [ /home/cmo/miniconda3/envs/trident/bin/../lib/gcc/x86_64-conda-linux-gnu/9.4.0/include]
  ignore line: [ /home/cmo/miniconda3/envs/trident/bin/../lib/gcc/x86_64-conda-linux-gnu/9.4.0/include-fixed]
  ignore line: [ /home/cmo/miniconda3/envs/trident/bin/../lib/gcc/x86_64-conda-linux-gnu/9.4.0/../../../../x86_64-conda-linux-gnu/include]
  ignore line: [ /home/cmo/miniconda3/envs/trident/bin/../lib/gcc/../../x86_64-conda-linux-gnu/include/c++/9.4.0]
  ignore line: [ /home/cmo/miniconda3/envs/trident/bin/../lib/gcc/../../x86_64-conda-linux-gnu/include/c++/9.4.0/x86_64-conda-linux-gnu]
  ignore line: [ /home/cmo/miniconda3/envs/trident/bin/../lib/gcc/../../x86_64-conda-linux-gnu/include/c++/9.4.0/backward]
  ignore line: [ /home/cmo/miniconda3/envs/trident/bin/../x86_64-conda-linux-gnu/sysroot/usr/include]
  ignore line: [End of search list.]
  ignore line: [GNU C++17 (GCC) version 9.4.0 (x86_64-conda-linux-gnu)]
  ignore line: [	compiled by GNU C version 9.4.0  GMP version 6.1.0  MPFR version 3.1.4  MPC version 1.0.3  isl version isl-0.18-GMP]
  ignore line: []
  ignore line: [GGC heuristics: --param ggc-min-expand=100 --param ggc-min-heapsize=131072]
  ignore line: [Compiler executable checksum: 450d352db2c8843336545535add284ec]
  ignore line: [COMPILER_PATH=/home/cmo/miniconda3/envs/trident/bin/../libexec/gcc/x86_64-conda-linux-gnu/9.4.0/:/home/cmo/miniconda3/envs/trident/bin/../libexec/gcc/:/home/cmo/miniconda3/envs/trident/bin/../lib/gcc/x86_64-conda-linux-gnu/9.4.0/../../../../x86_64-conda-linux-gnu/bin/]
  ignore line: [LIBRARY_PATH=/home/cmo/miniconda3/envs/trident/bin/../lib/gcc/x86_64-conda-linux-gnu/9.4.0/:/home/cmo/miniconda3/envs/trident/bin/../lib/gcc/:/home/cmo/miniconda3/envs/trident/bin/../lib/gcc/x86_64-conda-linux-gnu/9.4.0/../../../../x86_64-conda-linux-gnu/lib/../lib/:/home/cmo/miniconda3/envs/trident/bin/../lib/gcc/x86_64-conda-linux-gnu/9.4.0/../../../../lib/:/home/cmo/miniconda3/envs/trident/bin/../x86_64-conda-linux-gnu/sysroot/lib/../lib/:/home/cmo/miniconda3/envs/trident/bin/../x86_64-conda-linux-gnu/sysroot/usr/lib/../lib/:/home/cmo/miniconda3/envs/trident/bin/../lib/gcc/x86_64-conda-linux-gnu/9.4.0/../../../../x86_64-conda-linux-gnu/lib/:/home/cmo/miniconda3/envs/trident/bin/../lib/gcc/x86_64-conda-linux-gnu/9.4.0/../../../:/home/cmo/miniconda3/envs/trident/bin/../x86_64-conda-linux-gnu/sysroot/lib/:/home/cmo/miniconda3/envs/trident/bin/../x86_64-conda-linux-gnu/sysroot/usr/lib/]
  ignore line: [COLLECT_GCC_OPTIONS='-fvisibility-inlines-hidden' '-std=c++17' '-fmessage-length=0' '-march=nocona' '-mtune=haswell' '-ftree-vectorize' '-fPIC' '-fstack-protector-strong' '-fno-plt' '-O2' '-ffunction-sections' '-pipe' '-isystem' '/home/cmo/miniconda3/envs/trident/include' '-v' '-o' 'CMakeFiles/cmTC_f8a54.dir/CMakeCXXCompilerABI.cpp.o' '-c' '-shared-libgcc']
  ignore line: [Linking CXX executable cmTC_f8a54]
  ignore line: [/home/cmo/miniconda3/envs/trident/bin/cmake -E cmake_link_script CMakeFiles/cmTC_f8a54.dir/link.txt --verbose=1]
  ignore line: [/home/cmo/miniconda3/envs/trident/bin/x86_64-conda-linux-gnu-c++ -fvisibility-inlines-hidden -std=c++17 -fmessage-length=0 -march=nocona -mtune=haswell -ftree-vectorize -fPIC -fstack-protector-strong -fno-plt -O2 -ffunction-sections -pipe -isystem /home/cmo/miniconda3/envs/trident/include  -Wl -O2 -Wl --sort-common -Wl --as-needed -Wl -z relro -Wl -z now -Wl --disable-new-dtags -Wl --gc-sections -Wl -rpath /home/cmo/miniconda3/envs/trident/lib -Wl -rpath-link /home/cmo/miniconda3/envs/trident/lib -L/home/cmo/miniconda3/envs/trident/lib -v -rdynamic CMakeFiles/cmTC_f8a54.dir/CMakeCXXCompilerABI.cpp.o -o cmTC_f8a54 ]
  ignore line: [Reading specs from /home/cmo/miniconda3/envs/trident/bin/../lib/gcc/x86_64-conda-linux-gnu/9.4.0/specs]
  ignore line: [COLLECT_GCC=/home/cmo/miniconda3/envs/trident/bin/x86_64-conda-linux-gnu-c++]
  ignore line: [COLLECT_LTO_WRAPPER=/home/cmo/miniconda3/envs/trident/bin/../libexec/gcc/x86_64-conda-linux-gnu/9.4.0/lto-wrapper]
  ignore line: [Target: x86_64-conda-linux-gnu]
  ignore line: [Configured with: ../configure --prefix=/home/conda/feedstock_root/build_artifacts/gcc_compilers_1634095554843/_h_env_placehold_placehold_placehold_placehold_placehold_placehold_placehold_placehold_placehold_placehold_placehold_placehold_placehold_placehold_placehold_placehold_placehold_placeho --with-slibdir=/home/conda/feedstock_root/build_artifacts/gcc_compilers_1634095554843/_h_env_placehold_placehold_placehold_placehold_placehold_placehold_placehold_placehold_placehold_placehold_placehold_placehold_placehold_placehold_placehold_placehold_placehold_placeho/lib --libdir=/home/conda/feedstock_root/build_artifacts/gcc_compilers_1634095554843/_h_env_placehold_placehold_placehold_placehold_placehold_placehold_placehold_placehold_placehold_placehold_placehold_placehold_placehold_placehold_placehold_placehold_placehold_placeho/lib --build=x86_64-conda-linux-gnu --host=x86_64-conda-linux-gnu --target=x86_64-conda-linux-gnu --enable-default-pie --enable-languages=c c++ fortran objc obj-c++ --enable-__cxa_atexit --disable-libmudflap --enable-libgomp --disable-libssp --enable-libquadmath --enable-libquadmath-support --enable-libsanitizer --enable-lto --enable-threads=posix --enable-target-optspace --enable-plugin --enable-gold --disable-nls --disable-bootstrap --disable-multilib --enable-long-long --enable-default-pie --with-sysroot=/home/conda/feedstock_root/build_artifacts/gcc_compilers_1634095554843/_h_env_placehold_placehold_placehold_placehold_placehold_placehold_placehold_placehold_placehold_placehold_placehold_placehold_placehold_placehold_placehold_placehold_placehold_placeho/x86_64-conda-linux-gnu/sysroot --with-build-sysroot=/home/conda/feedstock_root/build_artifacts/gcc_compilers_1634095554843/_build_env/x86_64-conda-linux-gnu/sysroot --with-gxx-include-dir=/home/conda/feedstock_root/build_artifacts/gcc_compilers_1634095554843/_h_env_placehold_placehold_placehold_placehold_placehold_placehold_placehold_placehold_placehold_placehold_placehold_placehold_placehold_placehold_placehold_placehold_placehold_placeho/x86_64-conda-linux-gnu/include/c++/9.4.0]
  ignore line: [Thread model: posix]
  ignore line: [gcc version 9.4.0 (GCC) ]
  ignore line: [COMPILER_PATH=/home/cmo/miniconda3/envs/trident/bin/../libexec/gcc/x86_64-conda-linux-gnu/9.4.0/:/home/cmo/miniconda3/envs/trident/bin/../libexec/gcc/:/home/cmo/miniconda3/envs/trident/bin/../lib/gcc/x86_64-conda-linux-gnu/9.4.0/../../../../x86_64-conda-linux-gnu/bin/]
  ignore line: [LIBRARY_PATH=/home/cmo/miniconda3/envs/trident/bin/../lib/gcc/x86_64-conda-linux-gnu/9.4.0/:/home/cmo/miniconda3/envs/trident/bin/../lib/gcc/:/home/cmo/miniconda3/envs/trident/bin/../lib/gcc/x86_64-conda-linux-gnu/9.4.0/../../../../x86_64-conda-linux-gnu/lib/../lib/:/home/cmo/miniconda3/envs/trident/bin/../lib/gcc/x86_64-conda-linux-gnu/9.4.0/../../../../lib/:/home/cmo/miniconda3/envs/trident/bin/../x86_64-conda-linux-gnu/sysroot/lib/../lib/:/home/cmo/miniconda3/envs/trident/bin/../x86_64-conda-linux-gnu/sysroot/usr/lib/../lib/:/home/cmo/miniconda3/envs/trident/bin/../lib/gcc/x86_64-conda-linux-gnu/9.4.0/../../../../x86_64-conda-linux-gnu/lib/:/home/cmo/miniconda3/envs/trident/bin/../lib/gcc/x86_64-conda-linux-gnu/9.4.0/../../../:/home/cmo/miniconda3/envs/trident/bin/../x86_64-conda-linux-gnu/sysroot/lib/:/home/cmo/miniconda3/envs/trident/bin/../x86_64-conda-linux-gnu/sysroot/usr/lib/]
  ignore line: [COLLECT_GCC_OPTIONS='-fvisibility-inlines-hidden' '-std=c++17' '-fmessage-length=0' '-march=nocona' '-mtune=haswell' '-ftree-vectorize' '-fPIC' '-fstack-protector-strong' '-fno-plt' '-O2' '-ffunction-sections' '-pipe' '-isystem' '/home/cmo/miniconda3/envs/trident/include' '-L/home/cmo/miniconda3/envs/trident/lib' '-v' '-rdynamic' '-o' 'cmTC_f8a54' '-shared-libgcc']
  link line: [ /home/cmo/miniconda3/envs/trident/bin/../libexec/gcc/x86_64-conda-linux-gnu/9.4.0/collect2 -plugin /home/cmo/miniconda3/envs/trident/bin/../libexec/gcc/x86_64-conda-linux-gnu/9.4.0/liblto_plugin.so -plugin-opt=/home/cmo/miniconda3/envs/trident/bin/../libexec/gcc/x86_64-conda-linux-gnu/9.4.0/lto-wrapper -plugin-opt=-fresolution=/tmp/ccoSkZJC.res -plugin-opt=-pass-through=-lgcc_s -plugin-opt=-pass-through=-lgcc -plugin-opt=-pass-through=-lc -plugin-opt=-pass-through=-lgcc_s -plugin-opt=-pass-through=-lgcc --sysroot=/home/cmo/miniconda3/envs/trident/bin/../x86_64-conda-linux-gnu/sysroot --eh-frame-hdr -m elf_x86_64 -export-dynamic -dynamic-linker /lib64/ld-linux-x86-64.so.2 -pie -o cmTC_f8a54 /home/cmo/miniconda3/envs/trident/bin/../x86_64-conda-linux-gnu/sysroot/usr/lib/../lib/Scrt1.o /home/cmo/miniconda3/envs/trident/bin/../x86_64-conda-linux-gnu/sysroot/usr/lib/../lib/crti.o /home/cmo/miniconda3/envs/trident/bin/../lib/gcc/x86_64-conda-linux-gnu/9.4.0/crtbeginS.o -L/home/cmo/miniconda3/envs/trident/lib -L/home/cmo/miniconda3/envs/trident/bin/../lib/gcc/x86_64-conda-linux-gnu/9.4.0 -L/home/cmo/miniconda3/envs/trident/bin/../lib/gcc -L/home/cmo/miniconda3/envs/trident/bin/../lib/gcc/x86_64-conda-linux-gnu/9.4.0/../../../../x86_64-conda-linux-gnu/lib/../lib -L/home/cmo/miniconda3/envs/trident/bin/../lib/gcc/x86_64-conda-linux-gnu/9.4.0/../../../../lib -L/home/cmo/miniconda3/envs/trident/bin/../x86_64-conda-linux-gnu/sysroot/lib/../lib -L/home/cmo/miniconda3/envs/trident/bin/../x86_64-conda-linux-gnu/sysroot/usr/lib/../lib -L/home/cmo/miniconda3/envs/trident/bin/../lib/gcc/x86_64-conda-linux-gnu/9.4.0/../../../../x86_64-conda-linux-gnu/lib -L/home/cmo/miniconda3/envs/trident/bin/../lib/gcc/x86_64-conda-linux-gnu/9.4.0/../../.. -L/home/cmo/miniconda3/envs/trident/bin/../x86_64-conda-linux-gnu/sysroot/lib -L/home/cmo/miniconda3/envs/trident/bin/../x86_64-conda-linux-gnu/sysroot/usr/lib -O2 --sort-common --as-needed -z relro -z now --disable-new-dtags --gc-sections -rpath /home/cmo/miniconda3/envs/trident/lib -rpath-link /home/cmo/miniconda3/envs/trident/lib CMakeFiles/cmTC_f8a54.dir/CMakeCXXCompilerABI.cpp.o -lstdc++ -lm -lgcc_s -lgcc -lc -lgcc_s -lgcc /home/cmo/miniconda3/envs/trident/bin/../lib/gcc/x86_64-conda-linux-gnu/9.4.0/crtendS.o /home/cmo/miniconda3/envs/trident/bin/../x86_64-conda-linux-gnu/sysroot/usr/lib/../lib/crtn.o -rpath /home/cmo/miniconda3/envs/trident/lib]
    arg [/home/cmo/miniconda3/envs/trident/bin/../libexec/gcc/x86_64-conda-linux-gnu/9.4.0/collect2] ==> ignore
    arg [-plugin] ==> ignore
    arg [/home/cmo/miniconda3/envs/trident/bin/../libexec/gcc/x86_64-conda-linux-gnu/9.4.0/liblto_plugin.so] ==> ignore
    arg [-plugin-opt=/home/cmo/miniconda3/envs/trident/bin/../libexec/gcc/x86_64-conda-linux-gnu/9.4.0/lto-wrapper] ==> ignore
    arg [-plugin-opt=-fresolution=/tmp/ccoSkZJC.res] ==> ignore
    arg [-plugin-opt=-pass-through=-lgcc_s] ==> ignore
    arg [-plugin-opt=-pass-through=-lgcc] ==> ignore
    arg [-plugin-opt=-pass-through=-lc] ==> ignore
    arg [-plugin-opt=-pass-through=-lgcc_s] ==> ignore
    arg [-plugin-opt=-pass-through=-lgcc] ==> ignore
    arg [--sysroot=/home/cmo/miniconda3/envs/trident/bin/../x86_64-conda-linux-gnu/sysroot] ==> ignore
    arg [--eh-frame-hdr] ==> ignore
    arg [-m] ==> ignore
    arg [elf_x86_64] ==> ignore
    arg [-export-dynamic] ==> ignore
    arg [-dynamic-linker] ==> ignore
    arg [/lib64/ld-linux-x86-64.so.2] ==> ignore
    arg [-pie] ==> ignore
    arg [-o] ==> ignore
    arg [cmTC_f8a54] ==> ignore
    arg [/home/cmo/miniconda3/envs/trident/bin/../x86_64-conda-linux-gnu/sysroot/usr/lib/../lib/Scrt1.o] ==> obj [/home/cmo/miniconda3/envs/trident/bin/../x86_64-conda-linux-gnu/sysroot/usr/lib/../lib/Scrt1.o]
    arg [/home/cmo/miniconda3/envs/trident/bin/../x86_64-conda-linux-gnu/sysroot/usr/lib/../lib/crti.o] ==> obj [/home/cmo/miniconda3/envs/trident/bin/../x86_64-conda-linux-gnu/sysroot/usr/lib/../lib/crti.o]
    arg [/home/cmo/miniconda3/envs/trident/bin/../lib/gcc/x86_64-conda-linux-gnu/9.4.0/crtbeginS.o] ==> obj [/home/cmo/miniconda3/envs/trident/bin/../lib/gcc/x86_64-conda-linux-gnu/9.4.0/crtbeginS.o]
    arg [-L/home/cmo/miniconda3/envs/trident/lib] ==> dir [/home/cmo/miniconda3/envs/trident/lib]
    arg [-L/home/cmo/miniconda3/envs/trident/bin/../lib/gcc/x86_64-conda-linux-gnu/9.4.0] ==> dir [/home/cmo/miniconda3/envs/trident/bin/../lib/gcc/x86_64-conda-linux-gnu/9.4.0]
    arg [-L/home/cmo/miniconda3/envs/trident/bin/../lib/gcc] ==> dir [/home/cmo/miniconda3/envs/trident/bin/../lib/gcc]
    arg [-L/home/cmo/miniconda3/envs/trident/bin/../lib/gcc/x86_64-conda-linux-gnu/9.4.0/../../../../x86_64-conda-linux-gnu/lib/../lib] ==> dir [/home/cmo/miniconda3/envs/trident/bin/../lib/gcc/x86_64-conda-linux-gnu/9.4.0/../../../../x86_64-conda-linux-gnu/lib/../lib]
    arg [-L/home/cmo/miniconda3/envs/trident/bin/../lib/gcc/x86_64-conda-linux-gnu/9.4.0/../../../../lib] ==> dir [/home/cmo/miniconda3/envs/trident/bin/../lib/gcc/x86_64-conda-linux-gnu/9.4.0/../../../../lib]
    arg [-L/home/cmo/miniconda3/envs/trident/bin/../x86_64-conda-linux-gnu/sysroot/lib/../lib] ==> dir [/home/cmo/miniconda3/envs/trident/bin/../x86_64-conda-linux-gnu/sysroot/lib/../lib]
    arg [-L/home/cmo/miniconda3/envs/trident/bin/../x86_64-conda-linux-gnu/sysroot/usr/lib/../lib] ==> dir [/home/cmo/miniconda3/envs/trident/bin/../x86_64-conda-linux-gnu/sysroot/usr/lib/../lib]
    arg [-L/home/cmo/miniconda3/envs/trident/bin/../lib/gcc/x86_64-conda-linux-gnu/9.4.0/../../../../x86_64-conda-linux-gnu/lib] ==> dir [/home/cmo/miniconda3/envs/trident/bin/../lib/gcc/x86_64-conda-linux-gnu/9.4.0/../../../../x86_64-conda-linux-gnu/lib]
    arg [-L/home/cmo/miniconda3/envs/trident/bin/../lib/gcc/x86_64-conda-linux-gnu/9.4.0/../../..] ==> dir [/home/cmo/miniconda3/envs/trident/bin/../lib/gcc/x86_64-conda-linux-gnu/9.4.0/../../..]
    arg [-L/home/cmo/miniconda3/envs/trident/bin/../x86_64-conda-linux-gnu/sysroot/lib] ==> dir [/home/cmo/miniconda3/envs/trident/bin/../x86_64-conda-linux-gnu/sysroot/lib]
    arg [-L/home/cmo/miniconda3/envs/trident/bin/../x86_64-conda-linux-gnu/sysroot/usr/lib] ==> dir [/home/cmo/miniconda3/envs/trident/bin/../x86_64-conda-linux-gnu/sysroot/usr/lib]
    arg [-O2] ==> ignore
    arg [--sort-common] ==> ignore
    arg [--as-needed] ==> ignore
    arg [-zrelro] ==> ignore
    arg [-znow] ==> ignore
    arg [--disable-new-dtags] ==> ignore
    arg [--gc-sections] ==> ignore
    arg [-rpath] ==> ignore
    arg [/home/cmo/miniconda3/envs/trident/lib] ==> ignore
    arg [-rpath-link] ==> ignore
    arg [/home/cmo/miniconda3/envs/trident/lib] ==> ignore
    arg [CMakeFiles/cmTC_f8a54.dir/CMakeCXXCompilerABI.cpp.o] ==> ignore
    arg [-lstdc++] ==> lib [stdc++]
    arg [-lm] ==> lib [m]
    arg [-lgcc_s] ==> lib [gcc_s]
    arg [-lgcc] ==> lib [gcc]
    arg [-lc] ==> lib [c]
    arg [-lgcc_s] ==> lib [gcc_s]
    arg [-lgcc] ==> lib [gcc]
    arg [/home/cmo/miniconda3/envs/trident/bin/../lib/gcc/x86_64-conda-linux-gnu/9.4.0/crtendS.o] ==> obj [/home/cmo/miniconda3/envs/trident/bin/../lib/gcc/x86_64-conda-linux-gnu/9.4.0/crtendS.o]
    arg [/home/cmo/miniconda3/envs/trident/bin/../x86_64-conda-linux-gnu/sysroot/usr/lib/../lib/crtn.o] ==> obj [/home/cmo/miniconda3/envs/trident/bin/../x86_64-conda-linux-gnu/sysroot/usr/lib/../lib/crtn.o]
    arg [-rpath] ==> ignore
    arg [/home/cmo/miniconda3/envs/trident/lib] ==> ignore
  collapse obj [/home/cmo/miniconda3/envs/trident/bin/../x86_64-conda-linux-gnu/sysroot/usr/lib/../lib/Scrt1.o] ==> [/home/cmo/miniconda3/envs/trident/x86_64-conda-linux-gnu/sysroot/usr/lib/Scrt1.o]
  collapse obj [/home/cmo/miniconda3/envs/trident/bin/../x86_64-conda-linux-gnu/sysroot/usr/lib/../lib/crti.o] ==> [/home/cmo/miniconda3/envs/trident/x86_64-conda-linux-gnu/sysroot/usr/lib/crti.o]
  collapse obj [/home/cmo/miniconda3/envs/trident/bin/../lib/gcc/x86_64-conda-linux-gnu/9.4.0/crtbeginS.o] ==> [/home/cmo/miniconda3/envs/trident/lib/gcc/x86_64-conda-linux-gnu/9.4.0/crtbeginS.o]
  collapse obj [/home/cmo/miniconda3/envs/trident/bin/../lib/gcc/x86_64-conda-linux-gnu/9.4.0/crtendS.o] ==> [/home/cmo/miniconda3/envs/trident/lib/gcc/x86_64-conda-linux-gnu/9.4.0/crtendS.o]
  collapse obj [/home/cmo/miniconda3/envs/trident/bin/../x86_64-conda-linux-gnu/sysroot/usr/lib/../lib/crtn.o] ==> [/home/cmo/miniconda3/envs/trident/x86_64-conda-linux-gnu/sysroot/usr/lib/crtn.o]
  collapse library dir [/home/cmo/miniconda3/envs/trident/lib] ==> [/home/cmo/miniconda3/envs/trident/lib]
  collapse library dir [/home/cmo/miniconda3/envs/trident/bin/../lib/gcc/x86_64-conda-linux-gnu/9.4.0] ==> [/home/cmo/miniconda3/envs/trident/lib/gcc/x86_64-conda-linux-gnu/9.4.0]
  collapse library dir [/home/cmo/miniconda3/envs/trident/bin/../lib/gcc] ==> [/home/cmo/miniconda3/envs/trident/lib/gcc]
  collapse library dir [/home/cmo/miniconda3/envs/trident/bin/../lib/gcc/x86_64-conda-linux-gnu/9.4.0/../../../../x86_64-conda-linux-gnu/lib/../lib] ==> [/home/cmo/miniconda3/envs/trident/x86_64-conda-linux-gnu/lib]
  collapse library dir [/home/cmo/miniconda3/envs/trident/bin/../lib/gcc/x86_64-conda-linux-gnu/9.4.0/../../../../lib] ==> [/home/cmo/miniconda3/envs/trident/lib]
  collapse library dir [/home/cmo/miniconda3/envs/trident/bin/../x86_64-conda-linux-gnu/sysroot/lib/../lib] ==> [/home/cmo/miniconda3/envs/trident/x86_64-conda-linux-gnu/sysroot/lib]
  collapse library dir [/home/cmo/miniconda3/envs/trident/bin/../x86_64-conda-linux-gnu/sysroot/usr/lib/../lib] ==> [/home/cmo/miniconda3/envs/trident/x86_64-conda-linux-gnu/sysroot/usr/lib]
  collapse library dir [/home/cmo/miniconda3/envs/trident/bin/../lib/gcc/x86_64-conda-linux-gnu/9.4.0/../../../../x86_64-conda-linux-gnu/lib] ==> [/home/cmo/miniconda3/envs/trident/x86_64-conda-linux-gnu/lib]
  collapse library dir [/home/cmo/miniconda3/envs/trident/bin/../lib/gcc/x86_64-conda-linux-gnu/9.4.0/../../..] ==> [/home/cmo/miniconda3/envs/trident/lib]
  collapse library dir [/home/cmo/miniconda3/envs/trident/bin/../x86_64-conda-linux-gnu/sysroot/lib] ==> [/home/cmo/miniconda3/envs/trident/x86_64-conda-linux-gnu/sysroot/lib]
  collapse library dir [/home/cmo/miniconda3/envs/trident/bin/../x86_64-conda-linux-gnu/sysroot/usr/lib] ==> [/home/cmo/miniconda3/envs/trident/x86_64-conda-linux-gnu/sysroot/usr/lib]
  implicit libs: [stdc++;m;gcc_s;gcc;c;gcc_s;gcc]
  implicit objs: [/home/cmo/miniconda3/envs/trident/x86_64-conda-linux-gnu/sysroot/usr/lib/Scrt1.o;/home/cmo/miniconda3/envs/trident/x86_64-conda-linux-gnu/sysroot/usr/lib/crti.o;/home/cmo/miniconda3/envs/trident/lib/gcc/x86_64-conda-linux-gnu/9.4.0/crtbeginS.o;/home/cmo/miniconda3/envs/trident/lib/gcc/x86_64-conda-linux-gnu/9.4.0/crtendS.o;/home/cmo/miniconda3/envs/trident/x86_64-conda-linux-gnu/sysroot/usr/lib/crtn.o]
  implicit dirs: [/home/cmo/miniconda3/envs/trident/lib;/home/cmo/miniconda3/envs/trident/lib/gcc/x86_64-conda-linux-gnu/9.4.0;/home/cmo/miniconda3/envs/trident/lib/gcc;/home/cmo/miniconda3/envs/trident/x86_64-conda-linux-gnu/lib;/home/cmo/miniconda3/envs/trident/x86_64-conda-linux-gnu/sysroot/lib;/home/cmo/miniconda3/envs/trident/x86_64-conda-linux-gnu/sysroot/usr/lib]
  implicit fwks: []


Determining if the function XOpenDisplay exists in the /home/cmo/miniconda3/envs/trident/lib/libX11.so;/home/cmo/miniconda3/envs/trident/lib/libXext.so passed with the following output:
Change Dir: /home/cmo/jb_dataspell/g4basic/B1/build_withseed/CMakeFiles/CMakeTmp

Run Build Command(s):/usr/bin/gmake -f Makefile cmTC_4c204/fast && /usr/bin/gmake  -f CMakeFiles/cmTC_4c204.dir/build.make CMakeFiles/cmTC_4c204.dir/build
gmake[1]: Entering directory '/home/cmo/jb_dataspell/g4basic/B1/build_withseed/CMakeFiles/CMakeTmp'
Building C object CMakeFiles/cmTC_4c204.dir/CheckFunctionExists.c.o
/home/cmo/miniconda3/envs/trident/bin/x86_64-conda-linux-gnu-cc   -march=nocona -mtune=haswell -ftree-vectorize -fPIC -fstack-protector-strong -fno-plt -O2 -ffunction-sections -pipe -isystem /home/cmo/miniconda3/envs/trident/include -DCHECK_FUNCTION_EXISTS=XOpenDisplay -o CMakeFiles/cmTC_4c204.dir/CheckFunctionExists.c.o -c /home/cmo/miniconda3/envs/trident/share/cmake-3.21/Modules/CheckFunctionExists.c
Linking C executable cmTC_4c204
/home/cmo/miniconda3/envs/trident/bin/cmake -E cmake_link_script CMakeFiles/cmTC_4c204.dir/link.txt --verbose=1
/home/cmo/miniconda3/envs/trident/bin/x86_64-conda-linux-gnu-cc -march=nocona -mtune=haswell -ftree-vectorize -fPIC -fstack-protector-strong -fno-plt -O2 -ffunction-sections -pipe -isystem /home/cmo/miniconda3/envs/trident/include -DCHECK_FUNCTION_EXISTS=XOpenDisplay -Wl,-O2 -Wl,--sort-common -Wl,--as-needed -Wl,-z,relro -Wl,-z,now -Wl,--disable-new-dtags -Wl,--gc-sections -Wl,-rpath,/home/cmo/miniconda3/envs/trident/lib -Wl,-rpath-link,/home/cmo/miniconda3/envs/trident/lib -L/home/cmo/miniconda3/envs/trident/lib  CMakeFiles/cmTC_4c204.dir/CheckFunctionExists.c.o -o cmTC_4c204  /home/cmo/miniconda3/envs/trident/lib/libX11.so /home/cmo/miniconda3/envs/trident/lib/libXext.so 
gmake[1]: Leaving directory '/home/cmo/jb_dataspell/g4basic/B1/build_withseed/CMakeFiles/CMakeTmp'



Determining if the function gethostbyname exists passed with the following output:
Change Dir: /home/cmo/jb_dataspell/g4basic/B1/build_withseed/CMakeFiles/CMakeTmp

Run Build Command(s):/usr/bin/gmake -f Makefile cmTC_3492c/fast && /usr/bin/gmake  -f CMakeFiles/cmTC_3492c.dir/build.make CMakeFiles/cmTC_3492c.dir/build
gmake[1]: Entering directory '/home/cmo/jb_dataspell/g4basic/B1/build_withseed/CMakeFiles/CMakeTmp'
Building C object CMakeFiles/cmTC_3492c.dir/CheckFunctionExists.c.o
/home/cmo/miniconda3/envs/trident/bin/x86_64-conda-linux-gnu-cc   -march=nocona -mtune=haswell -ftree-vectorize -fPIC -fstack-protector-strong -fno-plt -O2 -ffunction-sections -pipe -isystem /home/cmo/miniconda3/envs/trident/include -DCHECK_FUNCTION_EXISTS=gethostbyname -o CMakeFiles/cmTC_3492c.dir/CheckFunctionExists.c.o -c /home/cmo/miniconda3/envs/trident/share/cmake-3.21/Modules/CheckFunctionExists.c
Linking C executable cmTC_3492c
/home/cmo/miniconda3/envs/trident/bin/cmake -E cmake_link_script CMakeFiles/cmTC_3492c.dir/link.txt --verbose=1
/home/cmo/miniconda3/envs/trident/bin/x86_64-conda-linux-gnu-cc -march=nocona -mtune=haswell -ftree-vectorize -fPIC -fstack-protector-strong -fno-plt -O2 -ffunction-sections -pipe -isystem /home/cmo/miniconda3/envs/trident/include -DCHECK_FUNCTION_EXISTS=gethostbyname -Wl,-O2 -Wl,--sort-common -Wl,--as-needed -Wl,-z,relro -Wl,-z,now -Wl,--disable-new-dtags -Wl,--gc-sections -Wl,-rpath,/home/cmo/miniconda3/envs/trident/lib -Wl,-rpath-link,/home/cmo/miniconda3/envs/trident/lib -L/home/cmo/miniconda3/envs/trident/lib  CMakeFiles/cmTC_3492c.dir/CheckFunctionExists.c.o -o cmTC_3492c 
gmake[1]: Leaving directory '/home/cmo/jb_dataspell/g4basic/B1/build_withseed/CMakeFiles/CMakeTmp'



Determining if the function connect exists passed with the following output:
Change Dir: /home/cmo/jb_dataspell/g4basic/B1/build_withseed/CMakeFiles/CMakeTmp

Run Build Command(s):/usr/bin/gmake -f Makefile cmTC_53ff3/fast && /usr/bin/gmake  -f CMakeFiles/cmTC_53ff3.dir/build.make CMakeFiles/cmTC_53ff3.dir/build
gmake[1]: Entering directory '/home/cmo/jb_dataspell/g4basic/B1/build_withseed/CMakeFiles/CMakeTmp'
Building C object CMakeFiles/cmTC_53ff3.dir/CheckFunctionExists.c.o
/home/cmo/miniconda3/envs/trident/bin/x86_64-conda-linux-gnu-cc   -march=nocona -mtune=haswell -ftree-vectorize -fPIC -fstack-protector-strong -fno-plt -O2 -ffunction-sections -pipe -isystem /home/cmo/miniconda3/envs/trident/include -DCHECK_FUNCTION_EXISTS=connect -o CMakeFiles/cmTC_53ff3.dir/CheckFunctionExists.c.o -c /home/cmo/miniconda3/envs/trident/share/cmake-3.21/Modules/CheckFunctionExists.c
Linking C executable cmTC_53ff3
/home/cmo/miniconda3/envs/trident/bin/cmake -E cmake_link_script CMakeFiles/cmTC_53ff3.dir/link.txt --verbose=1
/home/cmo/miniconda3/envs/trident/bin/x86_64-conda-linux-gnu-cc -march=nocona -mtune=haswell -ftree-vectorize -fPIC -fstack-protector-strong -fno-plt -O2 -ffunction-sections -pipe -isystem /home/cmo/miniconda3/envs/trident/include -DCHECK_FUNCTION_EXISTS=connect -Wl,-O2 -Wl,--sort-common -Wl,--as-needed -Wl,-z,relro -Wl,-z,now -Wl,--disable-new-dtags -Wl,--gc-sections -Wl,-rpath,/home/cmo/miniconda3/envs/trident/lib -Wl,-rpath-link,/home/cmo/miniconda3/envs/trident/lib -L/home/cmo/miniconda3/envs/trident/lib  CMakeFiles/cmTC_53ff3.dir/CheckFunctionExists.c.o -o cmTC_53ff3 
gmake[1]: Leaving directory '/home/cmo/jb_dataspell/g4basic/B1/build_withseed/CMakeFiles/CMakeTmp'



Determining if the function remove exists passed with the following output:
Change Dir: /home/cmo/jb_dataspell/g4basic/B1/build_withseed/CMakeFiles/CMakeTmp

Run Build Command(s):/usr/bin/gmake -f Makefile cmTC_351d1/fast && /usr/bin/gmake  -f CMakeFiles/cmTC_351d1.dir/build.make CMakeFiles/cmTC_351d1.dir/build
gmake[1]: Entering directory '/home/cmo/jb_dataspell/g4basic/B1/build_withseed/CMakeFiles/CMakeTmp'
Building C object CMakeFiles/cmTC_351d1.dir/CheckFunctionExists.c.o
/home/cmo/miniconda3/envs/trident/bin/x86_64-conda-linux-gnu-cc   -march=nocona -mtune=haswell -ftree-vectorize -fPIC -fstack-protector-strong -fno-plt -O2 -ffunction-sections -pipe -isystem /home/cmo/miniconda3/envs/trident/include -DCHECK_FUNCTION_EXISTS=remove -o CMakeFiles/cmTC_351d1.dir/CheckFunctionExists.c.o -c /home/cmo/miniconda3/envs/trident/share/cmake-3.21/Modules/CheckFunctionExists.c
Linking C executable cmTC_351d1
/home/cmo/miniconda3/envs/trident/bin/cmake -E cmake_link_script CMakeFiles/cmTC_351d1.dir/link.txt --verbose=1
/home/cmo/miniconda3/envs/trident/bin/x86_64-conda-linux-gnu-cc -march=nocona -mtune=haswell -ftree-vectorize -fPIC -fstack-protector-strong -fno-plt -O2 -ffunction-sections -pipe -isystem /home/cmo/miniconda3/envs/trident/include -DCHECK_FUNCTION_EXISTS=remove -Wl,-O2 -Wl,--sort-common -Wl,--as-needed -Wl,-z,relro -Wl,-z,now -Wl,--disable-new-dtags -Wl,--gc-sections -Wl,-rpath,/home/cmo/miniconda3/envs/trident/lib -Wl,-rpath-link,/home/cmo/miniconda3/envs/trident/lib -L/home/cmo/miniconda3/envs/trident/lib  CMakeFiles/cmTC_351d1.dir/CheckFunctionExists.c.o -o cmTC_351d1 
gmake[1]: Leaving directory '/home/cmo/jb_dataspell/g4basic/B1/build_withseed/CMakeFiles/CMakeTmp'



Determining if the function shmat exists passed with the following output:
Change Dir: /home/cmo/jb_dataspell/g4basic/B1/build_withseed/CMakeFiles/CMakeTmp

Run Build Command(s):/usr/bin/gmake -f Makefile cmTC_9758d/fast && /usr/bin/gmake  -f CMakeFiles/cmTC_9758d.dir/build.make CMakeFiles/cmTC_9758d.dir/build
gmake[1]: Entering directory '/home/cmo/jb_dataspell/g4basic/B1/build_withseed/CMakeFiles/CMakeTmp'
Building C object CMakeFiles/cmTC_9758d.dir/CheckFunctionExists.c.o
/home/cmo/miniconda3/envs/trident/bin/x86_64-conda-linux-gnu-cc   -march=nocona -mtune=haswell -ftree-vectorize -fPIC -fstack-protector-strong -fno-plt -O2 -ffunction-sections -pipe -isystem /home/cmo/miniconda3/envs/trident/include -DCHECK_FUNCTION_EXISTS=shmat -o CMakeFiles/cmTC_9758d.dir/CheckFunctionExists.c.o -c /home/cmo/miniconda3/envs/trident/share/cmake-3.21/Modules/CheckFunctionExists.c
Linking C executable cmTC_9758d
/home/cmo/miniconda3/envs/trident/bin/cmake -E cmake_link_script CMakeFiles/cmTC_9758d.dir/link.txt --verbose=1
/home/cmo/miniconda3/envs/trident/bin/x86_64-conda-linux-gnu-cc -march=nocona -mtune=haswell -ftree-vectorize -fPIC -fstack-protector-strong -fno-plt -O2 -ffunction-sections -pipe -isystem /home/cmo/miniconda3/envs/trident/include -DCHECK_FUNCTION_EXISTS=shmat -Wl,-O2 -Wl,--sort-common -Wl,--as-needed -Wl,-z,relro -Wl,-z,now -Wl,--disable-new-dtags -Wl,--gc-sections -Wl,-rpath,/home/cmo/miniconda3/envs/trident/lib -Wl,-rpath-link,/home/cmo/miniconda3/envs/trident/lib -L/home/cmo/miniconda3/envs/trident/lib  CMakeFiles/cmTC_9758d.dir/CheckFunctionExists.c.o -o cmTC_9758d 
gmake[1]: Leaving directory '/home/cmo/jb_dataspell/g4basic/B1/build_withseed/CMakeFiles/CMakeTmp'



Determining if the function IceConnectionNumber exists in the ICE passed with the following output:
Change Dir: /home/cmo/jb_dataspell/g4basic/B1/build_withseed/CMakeFiles/CMakeTmp

Run Build Command(s):/usr/bin/gmake -f Makefile cmTC_d1ed7/fast && /usr/bin/gmake  -f CMakeFiles/cmTC_d1ed7.dir/build.make CMakeFiles/cmTC_d1ed7.dir/build
gmake[1]: Entering directory '/home/cmo/jb_dataspell/g4basic/B1/build_withseed/CMakeFiles/CMakeTmp'
Building C object CMakeFiles/cmTC_d1ed7.dir/CheckFunctionExists.c.o
/home/cmo/miniconda3/envs/trident/bin/x86_64-conda-linux-gnu-cc   -march=nocona -mtune=haswell -ftree-vectorize -fPIC -fstack-protector-strong -fno-plt -O2 -ffunction-sections -pipe -isystem /home/cmo/miniconda3/envs/trident/include -DCHECK_FUNCTION_EXISTS=IceConnectionNumber -o CMakeFiles/cmTC_d1ed7.dir/CheckFunctionExists.c.o -c /home/cmo/miniconda3/envs/trident/share/cmake-3.21/Modules/CheckFunctionExists.c
Linking C executable cmTC_d1ed7
/home/cmo/miniconda3/envs/trident/bin/cmake -E cmake_link_script CMakeFiles/cmTC_d1ed7.dir/link.txt --verbose=1
/home/cmo/miniconda3/envs/trident/bin/x86_64-conda-linux-gnu-cc -march=nocona -mtune=haswell -ftree-vectorize -fPIC -fstack-protector-strong -fno-plt -O2 -ffunction-sections -pipe -isystem /home/cmo/miniconda3/envs/trident/include -DCHECK_FUNCTION_EXISTS=IceConnectionNumber -Wl,-O2 -Wl,--sort-common -Wl,--as-needed -Wl,-z,relro -Wl,-z,now -Wl,--disable-new-dtags -Wl,--gc-sections -Wl,-rpath,/home/cmo/miniconda3/envs/trident/lib -Wl,-rpath-link,/home/cmo/miniconda3/envs/trident/lib -L/home/cmo/miniconda3/envs/trident/lib  CMakeFiles/cmTC_d1ed7.dir/CheckFunctionExists.c.o -o cmTC_d1ed7  -lICE 
gmake[1]: Leaving directory '/home/cmo/jb_dataspell/g4basic/B1/build_withseed/CMakeFiles/CMakeTmp'



